Robot Name: locobot
Robot Model: locobot_px100
Initialized InterbotixRobotXSCore!

Turret Group Name: camera
Pan Name: pan, Profile Type: time, Profile Velocity: 2.0, Profile Acceleration: 0.3
Tilt Name: tilt, Profile Type: time, Profile Velocity: 2.0, Profile Acceleration: 0.3
Initialized InterbotixTurretXSInterface!

Initialized InterbotixKobukiInterface!

Arm Group Name: arm
Moving Time: 2.00 seconds
Acceleration Time: 0.30 seconds
Drive Mode: Time-Based-Profile
Initialized InterbotixArmXSInterface!

Gripper Name: gripper
Gripper Pressure: 50%
Initialized InterbotixGripperXSInterface!

Reset odom:[0.0, 0.0, -0.0008726646259972215]
Estimated landmark positions:
Starting move to goal: (0.5, 0.5, 0)
Rel pose: (0, 0, -0.00959931)

Landmark 682 range: 0.873055633724489 bearing: 0.3190268966089454
Raw z: 0.9576790409143037,x: -0.2738275328654444 y: -0.09425050139004712
Initial estimate for 682: (0.8318241925434987, 0.26513138682062043)
Landmark 683 range: 0.8833314504597666 bearing: -0.30400044680479016
Raw z: 0.9738478365210386,x: 0.26441608709936665 y: -0.12060483343687839
Initial estimate for 683: (0.8400126101061032, -0.27322749904445404)
Estimated landmark positions:
682: [0.83182419 0.26513139]
683: [ 0.84001261 -0.2732275 ]
Odometry measurement
[0.0, 0.0, -0.010471975511965994]
Covariance:
[[ 2.00000000e-04 -1.33226763e-23 -4.32466753e-22]
 [-1.33226763e-23  2.00000000e-04 -5.18960104e-21]
 [-4.32466753e-22 -5.18960104e-21  9.73828555e-03]]
Estimated pose: 
(1.0326e-37, 9.86022e-36, -0.010472)

Current pose: (1.0325976371525847e-37, 9.860220643463194e-36, -0.010471975511965994)
Goal pose: (0.5, 0.5, 0)
Dist: 0.7071067811865476
Moving to goal, dist: 0.7071067811865476, theta_diff: 0.7958701389094143
dt=0
raw_control = 0.3535533905932738 + 0.0 + 0 = 0.3535533905932738
dt=0
raw_control = 0.39793506945470714 + 0.0 + 0 = 0.39793506945470714
Velocities: 0.2 0.39793506945470714
Rel pose: (0, 0, -0.000174533)

Landmark 682 range: 0.8711801131287317 bearing: 0.318692613517527
Raw z: 0.9554654157698401,x: -0.2729627481524996 y: -0.09395102687027078
Landmark 683 range: 0.8834139645548696 bearing: -0.304279460857947
Raw z: 0.9739131613958812,x: 0.2646759592879983 y: -0.1205167126497366
Estimated landmark positions:
682: [0.83099597 0.26464257]
683: [ 0.83999249 -0.2734231 ]
Odometry measurement
[0.0, 0.0, -0.010646508437165525]
Covariance:
[[ 2.99958893e-04  2.49423316e-10  3.50792776e-08]
 [ 2.49423316e-10  2.99950969e-04 -4.02046991e-06]
 [ 3.50792776e-08 -4.02046991e-06  1.90189410e-02]]
Estimated pose: 
(3.37915e-07, 3.19825e-07, -0.0106287)

Current pose: (3.3791537670079446e-07, 3.1982530293716194e-07, -0.01062865891406168)
Goal pose: (0.5, 0.5, 0)
Dist: 0.7071063160936528
Moving to goal, dist: 0.7071063160936528, theta_diff: 0.7960268404015957
dt=0.10059952735900879
raw_control = 0.3535531580468264 + 0.0007113456119159135 + -0.0 = 0.35426450365874235
dt=0.10060906410217285
raw_control = 0.39801342020079783 + 0.0040043757706507135 + 0.00015575285743862097 = 0.4021735488288872
Velocities: 0.2 0.4021735488288872
Rel pose: (0.00102351, 0, -0.000349066)

Landmark 682 range: 0.8712989670679273 bearing: 0.3189515526548985
Raw z: 0.9555732600699162,x: -0.2732142317765656 y: -0.09382529724235404
Landmark 683 range: 0.8838201220264555 bearing: -0.30389041892783153
Raw z: 0.9744045179273845,x: 0.26446957840371993 y: -0.12039071550375793
Estimated landmark positions:
682: [0.83110436 0.26447005]
683: [ 0.84046131 -0.27351529]
Odometry measurement
[0.001023447054351724, -1.0896549403468251e-05, -0.01099557428756426]
Covariance:
[[3.99835630e-04 1.03772860e-09 1.37176107e-07]
 [1.03772860e-09 3.99814273e-04 3.60254767e-06]
 [1.37176107e-07 3.60254767e-06 2.76361195e-02]]
Estimated pose: 
(0.00102306, -1.0177e-05, -0.0109586)

Current pose: (0.0010230639761238342, -1.0177000086563995e-05, -0.010958632071374166)
Goal pose: (0.5, 0.5, 0)
Dist: 0.7063909397687893
Moving to goal, dist: 0.7063909397687893, theta_diff: 0.797391083693668
dt=0.09970879554748535
raw_control = 0.35319546988439465 + 0.001415679509815936 + -0.0 = 0.35461114939421057
dt=0.099700927734375
raw_control = 0.398695541846834 + 0.007979407311219582 + 0.001368335604365628 = 0.4080432847624192
Velocities: 0.2 0.4080432847624192
Rel pose: (0.00805958, 6.9062e-05, 0.0244346)

Landmark 682 range: 0.861422861719755 bearing: 0.3026289108842542
Raw z: 0.9449098690071722,x: -0.25673043872007856 y: -0.09144302649353439
Landmark 683 range: 0.8510531231268592 bearing: -0.3179809068960218
Raw z: 0.933639320846292,x: 0.26608118536075437 y: -0.11066148454843197
Estimated landmark positions:
682: [0.83038738 0.26498617]
683: [ 0.83554006 -0.26917089]
Odometry measurement
[0.009083300165060726, -3.0456619952672905e-05, 0.013439035240356278]
Covariance:
[[4.99589128e-04 3.01192771e-08 3.58113917e-06]
 [3.01192771e-08 5.01193738e-04 1.97134105e-04]
 [3.58113917e-06 1.97134105e-04 3.53662218e-02]]
Estimated pose: 
(0.00909607, -4.77737e-05, 0.0125491)

Current pose: (0.00909606504095806, -4.777365083964883e-05, 0.01254911202324432)
Goal pose: (0.5, 0.5, 0)
Dist: 0.7007385027893306
Moving to goal, dist: 0.7007385027893306, theta_diff: 0.7820761197695892
dt=0.10018777847290039
raw_control = 0.3503692513946653 + 0.0021177338486648295 + -0.0 = 0.3524869852433301
dt=0.10019302368164062
raw_control = 0.3910380598847946 + 0.011897335870665587 + -0.015285459367651594 = 0.38764993638780865
Velocities: 0.2 0.38764993638780865
Rel pose: (0.00793157, 8.01148e-05, 0.0270526)

Landmark 682 range: 0.8446406920908598 bearing: 0.2555379395366657
Raw z: 0.9282936298113011,x: -0.213496378613178 y: -0.09245893561268555
Estimated landmark positions:
682: [0.82926801 0.26148732]
683: [ 0.835626   -0.26890344]
Odometry measurement
[0.01701307875342314, 0.00015624036685589894, 0.040491638646268376]
Covariance:
[[5.99392752e-04 2.47863557e-07 1.85089130e-05]
 [2.47863557e-07 6.06000785e-04 4.49151178e-04]
 [1.85089130e-05 4.49151178e-04 4.34748676e-02]]
Estimated pose: 
(0.0170288, 0.000158995, 0.0409377)

Current pose: (0.01702876594105058, 0.00015899499843112464, 0.04093773395620602)
Goal pose: (0.5, 0.5, 0)
Dist: 0.6950555684327713
Moving to goal, dist: 0.6950555684327713, theta_diff: 0.7616235393250192
dt=0.10014033317565918
raw_control = 0.34752778421638564 + 0.0028137648106493786 + -0.0 = 0.350341549027035
dt=0.10013222694396973
raw_control = 0.3808117696625096 + 0.0157104889249437 + -0.020425572334483777 = 0.37609668625296955
Velocities: 0.2 0.37609668625296955
Rel pose: (0.0107462, 9.04612e-05, 0.0228638)

Landmark 682 range: 0.8688884540140932 bearing: 0.22415793554817603
Raw z: 0.958997650871833,x: -0.19314125549509156 y: -0.09361430047891892
Estimated landmark positions:
682: [0.83437264 0.25979377]
683: [ 0.83570986 -0.26862465]
Odometry measurement
[0.027746835603048487, 0.0006816408925293068, 0.0633554518473941]
Covariance:
[[6.99119752e-04 9.24864390e-07 4.18591143e-05]
 [9.24864390e-07 7.19410778e-04 8.63624469e-04]
 [4.18591143e-05 8.63624469e-04 5.08878555e-02]]
Estimated pose: 
(0.0277282, 0.000731355, 0.0660031)

Current pose: (0.02772821373717309, 0.0007313546820941224, 0.06600308808493581)
Goal pose: (0.5, 0.5, 0)
Dist: 0.6872480049425085
Moving to goal, dist: 0.6872480049425085, theta_diff: 0.7471756110523756
dt=0.10055041313171387
raw_control = 0.34362400247125424 + 0.0035047955188585323 + -0.0 = 0.34712879799011276
dt=0.10055255889892578
raw_control = 0.3735878055261878 + 0.019467009906852944 + -0.014368533661253229 = 0.37868628177178754
Velocities: 0.2 0.37868628177178754
Rel pose: (0.0201245, 0.000356552, 0.0401426)

Landmark 682 range: 0.8460883604190672 bearing: 0.19392125240466232
Raw z: 0.9330584817253439,x: -0.16304809696072725 y: -0.08962248652042647
Landmark 683 range: 0.8153650209536898 bearing: -0.4528594582211417
Raw z: 0.8774443679827214,x: 0.35675362346473205 y: -0.08048477338048128
Estimated landmark positions:
682: [0.83722451 0.25961604]
683: [ 0.83166114 -0.26933326]
Odometry measurement
[0.04780835967851403, 0.002311619961861517, 0.10349802464326374]
Covariance:
[[7.98153813e-04 3.49556336e-06 7.70744697e-05]
 [3.49556336e-06 8.66227940e-04 1.64839683e-03]
 [7.70744697e-05 1.64839683e-03 5.36891051e-02]]
Estimated pose: 
(0.0477858, 0.00250265, 0.109142)

Current pose: (0.047785841287536886, 0.002502652520370918, 0.10914169351965529)
Goal pose: (0.5, 0.5, 0)
Dist: 0.6723103867182832
Moving to goal, dist: 0.6723103867182832, theta_diff: 0.7239013793492647
dt=0.09991288185119629
raw_control = 0.3361551933591416 + 0.004176520201213691 + -0.0 = 0.3403317135603553
dt=0.09992408752441406
raw_control = 0.36195068967463234 + 0.023083769146309944 + -0.02329191317101038 = 0.3617425456499319
Velocities: 0.2 0.3617425456499319
Rel pose: (0.00844362, 5.53535e-05, 0.0193732)

Landmark 682 range: 0.8240927119980241 bearing: 0.15760517261600693
Raw z: 0.9077724325833955,x: -0.12934424625267155 y: -0.08314029826994607
Estimated landmark positions:
682: [0.83825448 0.25735697]
683: [ 0.83183253 -0.26880644]
Odometry measurement
[0.05620107679025627, 0.003239015759501782, 0.12287117934040094]
Covariance:
[[8.97800691e-04 6.16377027e-06 1.22935675e-04]
 [6.16377027e-06 9.94143467e-04 1.99371575e-03]
 [1.22935675e-04 1.99371575e-03 6.01196310e-02]]
Estimated pose: 
(0.056151, 0.00357723, 0.131626)

Current pose: (0.05615104360796028, 0.0035772289558321977, 0.1316259539563165)
Goal pose: (0.5, 0.5, 0)
Dist: 0.6659110028385723
Moving to goal, dist: 0.6659110028385723, theta_diff: 0.7096274779655694
dt=0.10022616386413574
raw_control = 0.33295550141928615 + 0.004843937254107988 + -0.0 = 0.3377994386733941
dt=0.10021591186523438
raw_control = 0.3548137389827847 + 0.026639567385757245 + -0.014243148735592208 = 0.36721015763294973
Velocities: 0.2 0.36721015763294973
Rel pose: (0.0201236, 0.000397992, 0.0411898)

Estimated landmark positions:
682: [0.83825448 0.25735697]
683: [ 0.83183253 -0.26880644]
Odometry measurement
[0.07612415861469132, 0.006100397400915911, 0.16406094968746707]
Covariance:
[[9.98659063e-04 1.56082666e-05 2.30840261e-04]
 [1.56082666e-05 1.19778409e-03 3.19674353e-03]
 [2.30840261e-04 3.19674353e-03 6.97579165e-02]]
Estimated pose: 
(0.0760483, 0.00661292, 0.172816)

Current pose: (0.07604831149284187, 0.006612920804206706, 0.1728157243033826)
Goal pose: (0.5, 0.5, 0)
Dist: 0.6505119861350953
Moving to goal, dist: 0.6505119861350953, theta_diff: 0.6881305806353586
dt=0.10042858123779297
raw_control = 0.32525599306754766 + 0.005497237212565252 + -0.0 = 0.3307532302801129
dt=0.1004328727722168
raw_control = 0.3440652903176793 + 0.03009511393853838 + -0.02140424418503495 = 0.3527561600711827
Velocities: 0.2 0.3527561600711827
Rel pose: (0.0117693, 0.000126877, 0.0260054)

Estimated landmark positions:
682: [0.83825448 0.25735697]
683: [ 0.83183253 -0.26880644]
Odometry measurement
[0.0877146832890561, 0.008147800415409481, 0.19006635554218246]
Covariance:
[[1.09971986e-03 2.51758326e-05 3.26385803e-04]
 [2.51758326e-05 1.38157518e-03 4.01061343e-03]
 [3.26385803e-04 4.01061343e-03 7.93962020e-02]]
Estimated pose: 
(0.0876205, 0.00876172, 0.198821)

Current pose: (0.08762046766292515, 0.008761716491573002, 0.19882113015809802)
Goal pose: (0.5, 0.5, 0)
Dist: 0.641382826301773
Moving to goal, dist: 0.641382826301773, theta_diff: 0.673626515971032
dt=0.09942412376403809
raw_control = 0.3206914131508865 + 0.006134926467588812 + -0.0 = 0.3268263396184753
dt=0.09943556785583496
raw_control = 0.336813257985516 + 0.03344423569545474 + -0.014586394966190684 = 0.35567109871478003
Velocities: 0.2 0.35567109871478003
Rel pose: (0.0144983, 0.000161032, 0.0319395)

Estimated landmark positions:
682: [0.83825448 0.25735697]
683: [ 0.83183253 -0.26880644]
Odometry measurement
[0.10192149264735793, 0.011045013934324516, 0.2220058808536788]
Covariance:
[[1.20189609e-03 4.22614101e-05 4.78275586e-04]
 [4.22614101e-05 1.61227942e-03 5.14907800e-03]
 [4.78275586e-04 5.14907800e-03 8.90344876e-02]]
Estimated pose: 
(0.101801, 0.0117832, 0.230761)

Current pose: (0.10180136844920398, 0.011783194806416698, 0.23076065546959437)
Goal pose: (0.5, 0.5, 0)
Dist: 0.6300141260657224
Moving to goal, dist: 0.6300141260657224, theta_diff: 0.6558435764978434
dt=0.09981918334960938
raw_control = 0.3150070630328612 + 0.006763801423214795 + -0.0 = 0.321770864456076
dt=0.09981131553649902
raw_control = 0.3279217882489217 + 0.03671726620327535 + -0.017816556547324208 = 0.34682249790487285
Velocities: 0.2 0.34682249790487285
Rel pose: (0.0176528, 0.000257416, 0.0328122)

Landmark 682 range: 0.8053170326020717 bearing: 0.030861902631208176
Raw z: 0.8865913799749012,x: -0.024849670701763298 y: -0.0644418444851295
Estimated landmark positions:
682: [0.8437454  0.25723211]
683: [ 0.83194208 -0.26843699]
Odometry measurement
[0.11908441126000702, 0.015183033200130485, 0.2548180707911721]
Covariance:
[[1.30376754e-03 6.80709216e-05 6.51340897e-04]
 [6.80709216e-05 1.86811613e-03 5.90755963e-03]
 [6.51340897e-04 5.90755963e-03 8.58400917e-02]]
Estimated pose: 
(0.118736, 0.0163611, 0.269091)

Current pose: (0.11873635733513452, 0.016361084433356387, 0.26909125931948363)
Goal pose: (0.5, 0.5, 0)
Dist: 0.615847843114321
Moving to goal, dist: 0.615847843114321, theta_diff: 0.6341249627307489
dt=0.09992289543151855
raw_control = 0.3079239215571605 + 0.00737917441950718 + -0.0 = 0.31530309597666767
dt=0.09990906715393066
raw_control = 0.31706248136537446 + 0.03988500787754786 + -0.02173838109571423 = 0.33520910814720806
Velocities: 0.2 0.33520910814720806
Rel pose: (0.011812, 0.000123402, 0.0246091)

Landmark 682 range: 0.8005778753574319 bearing: 0.0002468964774589813
Raw z: 0.8805089430895676,x: -0.00019765985534919128 y: -0.05705420195276423
Estimated landmark positions:
682: [0.84873931 0.25747251]
683: [ 0.83201682 -0.26817636]
Odometry measurement
[0.13048388817934223, 0.018279894216681265, 0.27942721324429215]
Covariance:
[[1.40586781e-03 9.11861403e-05 7.83027560e-04]
 [9.11861403e-05 2.07349907e-03 6.25704224e-03]
 [7.83027560e-04 6.25704224e-03 8.53469152e-02]]
Estimated pose: 
(0.129895, 0.019867, 0.298424)

Current pose: (0.12989546014900927, 0.0198670037829037, 0.2984243515578809)
Goal pose: (0.5, 0.5, 0)
Dist: 0.6062219597430629
Moving to goal, dist: 0.6062219597430629, theta_diff: 0.6156676715239546
dt=0.1000213623046875
raw_control = 0.30311097987153146 + 0.007985525882232366 + -0.0 = 0.31109650575376385
dt=0.10002255439758301
raw_control = 0.3078338357619773 + 0.04296404053583976 + -0.018453129214664712 = 0.33234474708315237
Velocities: 0.2 0.33234474708315237
Rel pose: (0.0179516, 0.000235878, 0.0314159)

Landmark 682 range: 0.813429114252604 bearing: -0.02691103059359373
Raw z: 0.8954516868861963,x: 0.02188757371298266 y: -0.05046840228163529
Estimated landmark positions:
682: [0.8553012  0.25892843]
683: [ 0.83203828 -0.26806725]
Odometry measurement
[0.1476741774452201, 0.023457773159831583, 0.3108431397801902]
Covariance:
[[0.00151074 0.00012973 0.00096749]
 [0.00012973 0.00237309 0.00713087]
 [0.00096749 0.00713087 0.08595546]]
Estimated pose: 
(0.146737, 0.025478, 0.332509)

Current pose: (0.14673745517768344, 0.025477962050881417, 0.33250851661420183)
Goal pose: (0.5, 0.5, 0)
Dist: 0.5915788958995444
Moving to goal, dist: 0.5915788958995444, theta_diff: 0.5983419183783556
dt=0.10035181045532227
raw_control = 0.2957894479497722 + 0.008579186014539164 + -0.0 = 0.30436863396431135
dt=0.1003563404083252
raw_control = 0.2991709591891778 + 0.04596641079790719 + -0.017264233704721414 = 0.3278731362823636
Velocities: 0.2 0.3278731362823636
Rel pose: (0.0150531, 0.000135044, 0.0233874)

Landmark 682 range: 0.7955769031632459 bearing: -0.056613816399013285
Raw z: 0.8732518712501621,x: 0.045016588439018575 y: -0.04132860458914507
Estimated landmark positions:
682: [0.86054116 0.26001897]
683: [ 0.83205975 -0.26796688]
Odometry measurement
[0.1619646043150964, 0.028190519982465367, 0.33423055175691424]
Covariance:
[[0.00161554 0.00016643 0.00111177]
 [0.00016643 0.00265499 0.00779163]
 [0.00111177 0.00779163 0.08710886]]
Estimated pose: 
(0.160684, 0.0306581, 0.358855)

Current pose: (0.1606836939355755, 0.030658096560333047, 0.35885507782078957)
Goal pose: (0.5, 0.5, 0)
Dist: 0.5791522924806358
Moving to goal, dist: 0.5791522924806358, theta_diff: 0.5859702740139432
dt=0.10020232200622559
raw_control = 0.2895761462403179 + 0.009159510059557048 + -0.0 = 0.298735656299875
dt=0.10019803047180176
raw_control = 0.2929851370069716 + 0.04890206416646815 + -0.012347193159544285 = 0.32954000801389544
Velocities: 0.2 0.32954000801389544
Rel pose: (0.0121959, 0.000119093, 0.0244346)

Landmark 682 range: 0.7907140183268391 bearing: -0.08690043328831584
Raw z: 0.8665850893124406,x: 0.06862693979814133 y: -0.03367421173794994
Estimated landmark positions:
682: [0.86548479 0.26109931]
683: [ 0.83207628 -0.2678835 ]
Odometry measurement
[0.17344656107804424, 0.03230379827727344, 0.35866516128483483]
Covariance:
[[0.00172245 0.00020707 0.001274  ]
 [0.00020707 0.00290557 0.00824209]
 [0.001274   0.00824209 0.08852099]]
Estimated pose: 
(0.171804, 0.0351921, 0.386381)

Current pose: (0.17180402993403524, 0.03519214157205234, 0.3863814464460302)
Goal pose: (0.5, 0.5, 0)
Dist: 0.5689981898248136
Moving to goal, dist: 0.5689981898248136, theta_diff: 0.5696136532417484
dt=0.10017943382263184
raw_control = 0.2844990949124068 + 0.00972952922458457 + -0.0 = 0.2942286241369914
dt=0.10018229484558105
raw_control = 0.2848068266208742 + 0.051755324314324815 + -0.01632685775206743 = 0.3202352931831316
Velocities: 0.2 0.3202352931831316
Rel pose: (0.018421, 0.000227754, 0.0286234)

Landmark 682 range: 0.7682707841955028 bearing: -0.10505249776338695
Raw z: 0.8390834729865742,x: 0.08056039604364473 y: -0.02883769407188331
Estimated landmark positions:
682: [0.86932013 0.26226307]
683: [ 0.83206775 -0.26788383]
Odometry measurement
[0.19061544456526766, 0.03898329472420769, 0.38728856101754167]
Covariance:
[[0.00183296 0.00026697 0.00147436]
 [0.00026697 0.00327767 0.00921686]
 [0.00147436 0.00921686 0.08990543]]
Estimated pose: 
(0.188596, 0.0423127, 0.415426)

Current pose: (0.18859616207817456, 0.0423127250426076, 0.41542552583490017)
Goal pose: (0.5, 0.5, 0)
Dist: 0.5535792553287797
Moving to goal, dist: 0.5535792553287797, theta_diff: 0.5579305039305693
dt=0.10040163993835449
raw_control = 0.27678962766438986 + 0.010285331875293196 + -0.0 = 0.28707495953968304
dt=0.10041975975036621
raw_control = 0.27896525196528466 + 0.054556686672430244 + -0.011634313147354927 = 0.32188762549036
Velocities: 0.2 0.32188762549036
Rel pose: (0.00929672, 3.70591e-05, 0.0113446)

Landmark 682 range: 0.758606220772502 bearing: -0.12907500775632452
Raw z: 0.8266370924654666,x: 0.09764544123417272 y: -0.020646383407991777
Estimated landmark positions:
682: [0.87265449 0.26309405]
683: [ 0.83207202 -0.26784852]
Odometry measurement
[0.19920961900383768, 0.042528786086691805, 0.398633201155505]
Covariance:
[[0.00193665 0.00029646 0.00153529]
 [0.00029646 0.00350705 0.00945392]
 [0.00153529 0.00945392 0.09134421]]
Estimated pose: 
(0.19687, 0.0461849, 0.428936)

Current pose: (0.19686992816848659, 0.046184896820596996, 0.42893625742101066)
Goal pose: (0.5, 0.5, 0)
Dist: 0.5457435188092578
Moving to goal, dist: 0.5457435188092578, theta_diff: 0.5529630186093764
dt=0.10070252418518066
raw_control = 0.2728717594046289 + 0.010834909374311145 + -0.0 = 0.28370666877894
dt=0.10069537162780762
raw_control = 0.2764815093046882 + 0.05734072750519552 + -0.0049331813775452165 = 0.3288890554323385
Velocities: 0.2 0.3288890554323385
Rel pose: (0.0185488, 0.000237413, 0.0296706)

Landmark 682 range: 0.7506894153694159 bearing: -0.1476038114440767
Raw z: 0.816448017517757,x: 0.11040270906955546 y: -0.013226760306705974
Estimated landmark positions:
682: [0.87609782 0.26424094]
683: [ 0.83205775 -0.26786898]
Odometry measurement
[0.2162118885153111, 0.04994746539163572, 0.4283037984394086]
Covariance:
[[0.00205249 0.00037376 0.00176951]
 [0.00037376 0.00391963 0.01046935]
 [0.00176951 0.01046935 0.09259734]]
Estimated pose: 
(0.213456, 0.0540018, 0.457978)

Current pose: (0.21345584636581752, 0.054001750327755345, 0.4579784296350323)
Goal pose: (0.5, 0.5, 0)
Dist: 0.5301150730668163
Moving to goal, dist: 0.5301150730668163, theta_diff: 0.5417485948402525
dt=0.10239672660827637
raw_control = 0.26505753653340813 + 0.011377729856388637 + -0.0 = 0.27643526638979676
dt=0.10241174697875977
raw_control = 0.27087429742012625 + 0.06011479850623945 + -0.010950329527578243 = 0.3200387663987875
Velocities: 0.2 0.3200387663987875
Rel pose: (0.0188474, 0.000228899, 0.0305433)

Landmark 682 range: 0.7455131319792976 bearing: -0.19640730115424695
Raw z: 0.8083969616394928,x: 0.14548463040194765 y: 0.002424899622627741
Estimated landmark positions:
682: [0.87989851 0.2653207 ]
683: [ 0.83205399 -0.26785501]
Odometry measurement
[0.2332617867418511, 0.05798355943372741, 0.45884706034930933]
Covariance:
[[0.00217511 0.00046955 0.0020488 ]
 [0.00046955 0.00436294 0.01147533]
 [0.0020488  0.01147533 0.09368408]]
Estimated pose: 
(0.229966, 0.062591, 0.490318)

Current pose: (0.22996608550624856, 0.06259095857169848, 0.4903183422940662)
Goal pose: (0.5, 0.5, 0)
Dist: 0.51404764808337
Moving to goal, dist: 0.51404764808337, theta_diff: 0.5273996383097972
dt=0.09673476219177246
raw_control = 0.257023824041685 + 0.011874992626314484 + -0.0 = 0.2688988166679995
dt=0.09670591354370117
raw_control = 0.2636998191548986 + 0.06266493169750778 + -0.014837723986725027 = 0.31152702686568134
Velocities: 0.2 0.31152702686568134
Rel pose: (0.0089981, 4.84988e-05, 0.0167552)

Estimated landmark positions:
682: [0.87989851 0.2653207 ]
683: [ 0.83205399 -0.26785501]
Odometry measurement
[0.24130767176049728, 0.06201243041106016, 0.47560222116845474]
Covariance:
[[0.00229191 0.00052736 0.00225036]
 [0.00052736 0.00466003 0.01228233]
 [0.00225036 0.01228233 0.10332236]]
Estimated pose: 
(0.237881, 0.066871, 0.507074)

Current pose: (0.23788121355903258, 0.06687100705202056, 0.5070735031132115)
Goal pose: (0.5, 0.5, 0)
Dist: 0.5062676986905409
Moving to goal, dist: 0.5062676986905409, theta_diff: 0.5195069499374155
dt=0.10071468353271484
raw_control = 0.25313384934527045 + 0.01238487853687902 + -0.0 = 0.2655187278821495
dt=0.10073447227478027
raw_control = 0.25975347496870776 + 0.06528154461975909 + -0.007835141430882013 = 0.3171998781575849
Velocities: 0.2 0.3171998781575849
Rel pose: (0.0185057, 0.000266668, 0.0303687)

Landmark 682 range: 0.7142304978239207 bearing: -0.25671349801548327
Raw z: 0.7687411021842222,x: 0.1813453565492309 y: 0.023998303243485446
Estimated landmark positions:
682: [0.88302696 0.26618681]
683: [ 0.83205232 -0.26783919]
Odometry measurement
[0.25763742914204335, 0.07072276600617262, 0.5059709501531561]
Covariance:
[[0.00242365 0.00064488 0.00253778]
 [0.00064488 0.00512896 0.01314245]
 [0.00253778 0.01314245 0.10089601]]
Estimated pose: 
(0.253604, 0.0762034, 0.54001)

Current pose: (0.2536036815755565, 0.07620337541373055, 0.54001022554157)
Goal pose: (0.5, 0.5, 0)
Dist: 0.4902190579157803
Moving to goal, dist: 0.4902190579157803, theta_diff: 0.5041536591370326
dt=0.0999290943145752
raw_control = 0.24510952895789015 + 0.012874750001611703 + -0.0 = 0.2579842789595019
dt=0.09991264343261719
raw_control = 0.2520768295685163 + 0.06780011085878947 + -0.015366714634807427 = 0.3045102257924983
Velocities: 0.2 0.3045102257924983
Rel pose: (0.0161624, 9.29411e-05, 0.016057)

Estimated landmark positions:
682: [0.88302696 0.26618681]
683: [ 0.83205232 -0.26783919]
Odometry measurement
[0.2717297458832731, 0.07863730410415154, 0.522027979271504]
Covariance:
[[0.00254597 0.00073485 0.00276528]
 [0.00073485 0.00565735 0.01473068]
 [0.00276528 0.01473068 0.1105343 ]]
Estimated pose: 
(0.267418, 0.0845929, 0.556067)

Current pose: (0.26741848179733757, 0.08459292839799305, 0.5560672546599178)
Goal pose: (0.5, 0.5, 0)
Dist: 0.4760852841103266
Moving to goal, dist: 0.4760852841103266, theta_diff: 0.5043258627678052
dt=0.10149383544921875
raw_control = 0.2380426420551633 + 0.013357947216464583 + -0.0 = 0.2514005892716279
dt=0.1015009880065918
raw_control = 0.2521629313839026 + 0.07035958952619992 + 0.0001696570980781535 = 0.3226921780081807
Velocities: 0.2 0.3226921780081807
Rel pose: (0.0155645, 0.000165818, 0.0251327)

Landmark 682 range: 0.6510284365124934 bearing: -0.3162733731964177
Raw z: 0.6915181164881955,x: 0.20248738138343192 y: 0.04057900269407851
Estimated landmark positions:
682: [0.88420786 0.26644637]
683: [ 0.83205597 -0.26782015]
Odometry measurement
[0.2851385213415658, 0.08654210343845425, 0.5471607205002224]
Covariance:
[[0.00268203 0.00085676 0.00300244]
 [0.00085676 0.00608433 0.01509276]
 [0.00300244 0.01509276 0.10545921]]
Estimated pose: 
(0.28032, 0.0931733, 0.584433)

Current pose: (0.2803203560656227, 0.09317325608241718, 0.5844333214408024)
Goal pose: (0.5, 0.5, 0)
Dist: 0.46234959232783723
Moving to goal, dist: 0.46234959232783723, theta_diff: 0.49124267885891726
dt=0.0981292724609375
raw_control = 0.23117479616391862 + 0.013811647507642 + -0.0 = 0.2449864436715606
dt=0.09812045097351074
raw_control = 0.24562133942945863 + 0.07276963718555354 + -0.013333799201982867 = 0.3050571774130293
Velocities: 0.2 0.3050571774130293
Rel pose: (0.018377, 0.000294644, 0.0342085)

Landmark 682 range: 0.6720646531592158 bearing: -0.3450475477282416
Raw z: 0.71550001504852,x: 0.22732010454208412 y: 0.051700167206740685
Estimated landmark positions:
682: [0.88703134 0.26735124]
683: [ 0.83204657 -0.26782991]
Odometry measurement
[0.3006792863644463, 0.09635463659926014, 0.5813691738393113]
Covariance:
[[0.00283742 0.001024   0.00336432]
 [0.001024   0.00659927 0.01577911]
 [0.00336432 0.01577911 0.10266551]]
Estimated pose: 
(0.295215, 0.103433, 0.618145)

Current pose: (0.295215250322063, 0.10343284706031397, 0.6181454110099066)
Goal pose: (0.5, 0.5, 0)
Dist: 0.44632084926803905
Moving to goal, dist: 0.44632084926803905, theta_diff: 0.47597458403389015
dt=0.1005563735961914
raw_control = 0.22316042463401953 + 0.014260451568269663 + -0.0 = 0.2374208762022892
dt=0.10055851936340332
raw_control = 0.23798729201694507 + 0.07516280215680653 + -0.015183293192544453 = 0.29796680098120715
Velocities: 0.2 0.29796680098120715
Rel pose: (0.00997905, 3.56151e-05, 0.013439)

Landmark 682 range: 0.6322551582952948 bearing: -0.37494993526955095
Raw z: 0.6675979662153324,x: 0.2315482415720137 y: 0.058799415389494104
Estimated landmark positions:
682: [0.88822989 0.26768945]
683: [ 0.8320455  -0.26782515]
Odometry measurement
[0.30899933523329753, 0.10186458261897183, 0.5948082090796674]
Covariance:
[[0.00296036 0.00110339 0.00344291]
 [0.00110339 0.00690645 0.01579796]
 [0.00344291 0.01579796 0.10134737]]
Estimated pose: 
(0.303131, 0.109331, 0.633146)

Current pose: (0.3031312294214833, 0.10933109721931317, 0.6331459156865885)
Goal pose: (0.5, 0.5, 0)
Dist: 0.4374694325652506
Moving to goal, dist: 0.4374694325652506, theta_diff: 0.4708658079538067
dt=0.10004019737243652
raw_control = 0.2187347162826253 + 0.014698096852052017 + -0.0 = 0.2334328131346773
dt=0.10004019737243652
raw_control = 0.23543290397690336 + 0.07751807757498806 + -0.005106723311494598 = 0.30784425824039685
Velocities: 0.2 0.30784425824039685
Rel pose: (0.0186763, 0.000261614, 0.0328122)

Landmark 682 range: 0.6459988079098165 bearing: -0.41327429819899575
Raw z: 0.6828209151273935,x: 0.25943965419600074 y: 0.07336384141414566
Estimated landmark positions:
682: [0.89060737 0.26843213]
683: [ 0.83203881 -0.26782961]
Odometry measurement
[0.3243215250167699, 0.11254654841579878, 0.6276203990171608]
Covariance:
[[0.00313076 0.00129672 0.00382795]
 [0.00129672 0.00745955 0.01663148]
 [0.00382795 0.01663148 0.10066569]]
Estimated pose: 
(0.317735, 0.120535, 0.666176)

Current pose: (0.31773477278758416, 0.12053473890504954, 0.6661762023091108)
Goal pose: (0.5, 0.5, 0)
Dist: 0.4209685230853401
Moving to goal, dist: 0.4209685230853401, theta_diff: 0.4568390909431158
dt=0.10009098052978516
raw_control = 0.21048426154267005 + 0.015119448374529889 + -0.0 = 0.22560370991719994
dt=0.10009336471557617
raw_control = 0.2284195454715579 + 0.07980440566229315 + -0.014013633221891409 = 0.2942103179119596
Velocities: 0.2 0.2942103179119596
Rel pose: (0.0190176, 0.000252438, 0.0312414)

Estimated landmark positions:
682: [0.89060737 0.26843213]
683: [ 0.83203881 -0.26782961]
Odometry measurement
[0.3395666855402726, 0.12391842532050107, 0.6588617926278593]
Covariance:
[[0.00331894 0.00151827 0.00437999]
 [0.00151827 0.00813844 0.01841808]
 [0.00437999 0.01841808 0.11030397]]
Estimated pose: 
(0.33253, 0.132486, 0.697418)

Current pose: (0.33253026014216763, 0.1324858082170157, 0.6974175959198092)
Goal pose: (0.5, 0.5, 0)
Dist: 0.4038722507550503
Moving to goal, dist: 0.4038722507550503, theta_diff: 0.4458093988889913
dt=0.10083436965942383
raw_control = 0.20193612537752514 + 0.015526690412808072 + -0.0 = 0.21746281579033322
dt=0.1008307933807373
raw_control = 0.22290469944449565 + 0.08205197143162148 + -0.010938813118802286 = 0.2940178577573148
Velocities: 0.2 0.2940178577573148
Rel pose: (0.00959511, 5.09176e-05, 0.0165806)

Estimated landmark positions:
682: [0.89060737 0.26843213]
683: [ 0.83203881 -0.26782961]
Odometry measurement
[0.3471222696084283, 0.12983298005332256, 0.6754424205218056]
Covariance:
[[0.00347161 0.00164437 0.00469669]
 [0.00164437 0.00854891 0.01940125]
 [0.00469669 0.01940125 0.11994226]]
Estimated pose: 
(0.339852, 0.138687, 0.713998)

Current pose: (0.33985224511564877, 0.1386872067976415, 0.7139982238137556)
Goal pose: (0.5, 0.5, 0)
Dist: 0.3952141671628037
Moving to goal, dist: 0.3952141671628037, theta_diff: 0.439581216449754
dt=0.10134196281433105
raw_control = 0.19760708358140186 + 0.015927208207131168 + -0.0 = 0.21353429178853303
dt=0.10138177871704102
raw_control = 0.219790608224877 + 0.0842802477123353 + -0.006143295686910654 = 0.29792756025030165
Velocities: 0.2 0.29792756025030165
Rel pose: (0.0188471, 0.000258028, 0.0329867)

Estimated landmark positions:
682: [0.89060737 0.26843213]
683: [ 0.83203881 -0.26782961]
Odometry measurement
[0.3616697533355244, 0.14181833553026404, 0.7084291433844986]
Covariance:
[[0.00368944 0.0019165  0.00537763]
 [0.0019165  0.00930259 0.02149614]
 [0.00537763 0.02149614 0.12958054]]
Estimated pose: 
(0.353927, 0.151224, 0.746985)

Current pose: (0.35392692687594507, 0.1512244059298446, 0.7469849466764485)
Goal pose: (0.5, 0.5, 0)
Dist: 0.378129287031427
Moving to goal, dist: 0.378129287031427, theta_diff: 0.42718960609919054
dt=0.0996096134185791
raw_control = 0.1890646435157135 + 0.0163038613281656 + -0.0 = 0.2053685048438791
dt=0.0995783805847168
raw_control = 0.21359480304959527 + 0.08640719017123433 + -0.012444076995228138 = 0.28755791622560145
Velocities: 0.2 0.28755791622560145
Rel pose: (0.0191036, 0.000217366, 0.0282743)

Estimated landmark positions:
682: [0.89060737 0.26843213]
683: [ 0.83203881 -0.26782961]
Odometry measurement
[0.3760353207298875, 0.1544130064071948, 0.7367034772668066]
Covariance:
[[0.00390612 0.00219404 0.00602501]
 [0.00219404 0.01015218 0.02381079]
 [0.00602501 0.02381079 0.13921883]]
Estimated pose: 
(0.367796, 0.164363, 0.775259)

Current pose: (0.3677963406759746, 0.16436345543656558, 0.7752592805587567)
Goal pose: (0.5, 0.5, 0)
Dist: 0.36073494089863994
Moving to goal, dist: 0.36073494089863994, theta_diff: 0.4203095478539286
dt=0.10021495819091797
raw_control = 0.18036747044931997 + 0.016665371698367206 + -0.0 = 0.19703284214768718
dt=0.10021495819091797
raw_control = 0.2101547739269643 + 0.08851325535950558 + -0.0068653007190352285 = 0.2918027285674346
Velocities: 0.19703284214768718 0.2918027285674346
Rel pose: (0.00985087, 6.74186e-05, 0.0172788)

Estimated landmark positions:
682: [0.89060737 0.26843213]
683: [ 0.83203881 -0.26782961]
Odometry measurement
[0.3832864407527922, 0.16108124862084708, 0.7539822368615505]
Covariance:
[[0.00408511 0.0023666  0.00644982]
 [0.0023666  0.010655   0.02507452]
 [0.00644982 0.02507452 0.14885712]]
Estimated pose: 
(0.374785, 0.171306, 0.792538)

Current pose: (0.374785036049497, 0.1713062454227504, 0.7925380401535006)
Goal pose: (0.5, 0.5, 0)
Dist: 0.35173622431477675
Moving to goal, dist: 0.35173622431477675, theta_diff: 0.4142838585162071
dt=0.10002636909484863
raw_control = 0.17586811215738837 + 0.01701720067234059 + -0.0 = 0.19288531282972896
dt=0.1000213623046875
raw_control = 0.20714192925810354 + 0.09058511715498725 + -0.006024402386528107 = 0.29170264402656265
Velocities: 0.19288531282972896 0.29170264402656265
Rel pose: (0.0191036, 0.000218876, 0.0303687)

Estimated landmark positions:
682: [0.89060737 0.26843213]
683: [ 0.83203881 -0.26782961]
Odometry measurement
[0.3970625257829602, 0.17431810828881933, 0.7843509658462519]
Covariance:
[[0.00434005 0.00270933 0.007262  ]
 [0.00270933 0.01160959 0.0277105 ]
 [0.007262   0.0277105  0.1584954 ]]
Estimated pose: 
(0.388041, 0.185064, 0.822907)

Current pose: (0.38804065160788914, 0.18506428412135983, 0.822906769138202)
Goal pose: (0.5, 0.5, 0)
Dist: 0.3342445225106578
Moving to goal, dist: 0.3342445225106578, theta_diff: 0.4063242301047115
dt=0.10033488273620605
raw_control = 0.1671222612553289 + 0.01735256452205385 + -0.0 = 0.18447482577738275
dt=0.10034513473510742
raw_control = 0.20316211505235576 + 0.09262375013578705 + -0.007932251456443306 = 0.2878536137316995
Velocities: 0.18447482577738275 0.2878536137316995
Rel pose: (0.0184641, 0.000203657, 0.0261799)

Estimated landmark positions:
682: [0.89060737 0.26843213]
683: [ 0.83203881 -0.26782961]
Odometry measurement
[0.4099884155588557, 0.18750466735408214, 0.8105309046261666]
Covariance:
[[0.00459131 0.00305179 0.00802922]
 [0.00305179 0.01263272 0.03043722]
 [0.00802922 0.03043722 0.16813369]]
Estimated pose: 
(0.400449, 0.198739, 0.849087)

Current pose: (0.40044864266223235, 0.19873928775973346, 0.8490867079181166)
Goal pose: (0.5, 0.5, 0)
Dist: 0.31728298014123696
Moving to goal, dist: 0.31728298014123696, theta_diff: 0.4025570385116213
dt=0.09982490539550781
raw_control = 0.15864149007061848 + 0.017669291956815887 + -0.0 = 0.17631078202743436
dt=0.09982466697692871
raw_control = 0.20127851925581064 + 0.09463300625121912 + -0.0037738083253119324 = 0.2921377171817178
Velocities: 0.17631078202743436 0.2921377171817178
Rel pose: (0.00912608, 4.54101e-05, 0.0127409)

Estimated landmark positions:
682: [0.89060737 0.26843213]
683: [ 0.83203881 -0.26782961]
Odometry measurement
[0.4162444147348201, 0.1941492004388074, 0.8232718081657253]
Covariance:
[[0.00477156 0.00323231 0.00842827]
 [0.00323231 0.01322128 0.03186683]
 [0.00842827 0.03186683 0.17777197]]
Estimated pose: 
(0.406444, 0.20562, 0.861828)

Current pose: (0.40644387064361936, 0.20562002805879717, 0.8618276114576754)
Goal pose: (0.5, 0.5, 0)
Dist: 0.3088888428225454
Moving to goal, dist: 0.3088888428225454, theta_diff: 0.4012559808517774
dt=0.09806156158447266
raw_control = 0.1544444214112727 + 0.01797219317964788 + -0.0 = 0.17241661459092059
dt=0.09805536270141602
raw_control = 0.2006279904258887 + 0.0966002712881458 + -0.0013268602797438917 = 0.2959014014342906
Velocities: 0.17241661459092059 0.2959014014342906
Rel pose: (0.0173979, 0.000197447, 0.0300197)

Estimated landmark positions:
682: [0.89060737 0.26843213]
683: [ 0.83203881 -0.26782961]
Odometry measurement
[0.42792712031666447, 0.2070425701818918, 0.8532914713000278]
Covariance:
[[0.00507924 0.00365445 0.00943871]
 [0.00365445 0.01427292 0.034692  ]
 [0.00943871 0.034692   0.18741026]]
Estimated pose: 
(0.417621, 0.218954, 0.891847)

Current pose: (0.41762090276644087, 0.2189541401777004, 0.8918472745919777)
Goal pose: (0.5, 0.5, 0)
Dist: 0.29287043378304994
Moving to goal, dist: 0.29287043378304994, theta_diff: 0.3938195650762535
dt=0.10017991065979004
raw_control = 0.14643521689152497 + 0.01826559051856068 + -0.0 = 0.16470080741008564
dt=0.10018253326416016
raw_control = 0.19690978253812674 + 0.09857296337206224 + -0.0074228665748705324 = 0.28805987933531846
Velocities: 0.16470080741008564 0.28805987933531846
Rel pose: (0.0137736, 0.000140044, 0.023911)

Estimated landmark positions:
682: [0.89060737 0.26843213]
683: [ 0.83203881 -0.26782961]
Odometry measurement
[0.436877848363217, 0.2175123609301567, 0.8772024820523501]
Covariance:
[[0.00536308 0.00401841 0.01030093]
 [0.00401841 0.01517766 0.03703763]
 [0.01030093 0.03703763 0.19704854]]
Estimated pose: 
(0.426161, 0.229761, 0.915758)

Current pose: (0.42616140759825333, 0.2297611669710633, 0.9157582853443)
Goal pose: (0.5, 0.5, 0)
Dist: 0.28014489930161646
Moving to goal, dist: 0.28014489930161646, theta_diff: 0.38831387278328156
dt=0.10228538513183594
raw_control = 0.14007244965080823 + 0.018552137807738532 + -0.0 = 0.15862458745854677
dt=0.10228753089904785
raw_control = 0.19415693639164078 + 0.10055894673510468 + -0.005382564467614089 = 0.28933331865913137
Velocities: 0.15862458745854677 0.28933331865913137
Rel pose: (0.0163319, 0.000182079, 0.0272271)

Estimated landmark positions:
682: [0.89060737 0.26843213]
683: [ 0.83203881 -0.26782961]
Odometry measurement
[0.4471789042677968, 0.2301872408958208, 0.9044296183834615]
Covariance:
[[0.00569502 0.00447467 0.01135716]
 [0.00447467 0.01630433 0.03996143]
 [0.01135716 0.03996143 0.20668683]]
Estimated pose: 
(0.435966, 0.242824, 0.942985)

Current pose: (0.43596623882407565, 0.2428236942744965, 0.9429854216754113)
Goal pose: (0.5, 0.5, 0)
Dist: 0.2650282528277938
Moving to goal, dist: 0.2650282528277938, theta_diff: 0.3837851325930509
dt=0.09779691696166992
raw_control = 0.1325141264138969 + 0.018811327268081494 + -0.0 = 0.1513254536819784
dt=0.09778642654418945
raw_control = 0.19189256629652546 + 0.1024353955689578 + -0.0046312564537616206 = 0.28969670541172166
Velocities: 0.1513254536819784 0.28969670541172166
Rel pose: (0.0104906, 6.76119e-05, 0.0193732)

Estimated landmark positions:
682: [0.89060737 0.26843213]
683: [ 0.83203881 -0.26782961]
Odometry measurement
[0.4536103247125251, 0.23847537202373098, 0.9238027730805984]
Covariance:
[[0.00597563 0.00480971 0.01215719]
 [0.00480971 0.01708337 0.04190204]
 [0.01215719 0.04190204 0.21632511]]
Estimated pose: 
(0.442073, 0.251354, 0.962359)

Current pose: (0.44207340316065236, 0.25135357295518723, 0.9623585763725486)
Goal pose: (0.5, 0.5, 0)
Dist: 0.2553047909921389
Moving to goal, dist: 0.2553047909921389, theta_diff: 0.3795525591648683
dt=0.10007882118225098
raw_control = 0.12765239549606944 + 0.019066833293328235 + -0.0 = 0.14671922878939767
dt=0.1000814437866211
raw_control = 0.18977627958243415 + 0.10433470397466414 + -0.004229129065330719 = 0.28988185449176757
Velocities: 0.14671922878939767 0.28988185449176757
Rel pose: (0.0101068, 6.8282e-05, 0.0181514)

Estimated landmark positions:
682: [0.89060737 0.26843213]
683: [ 0.83203881 -0.26782961]
Odometry measurement
[0.45964810004755613, 0.24658071311783633, 0.9419541973013401]
Covariance:
[[0.00625683 0.0051437  0.01294065]
 [0.0051437  0.01786959 0.04386074]
 [0.01294065 0.04386074 0.2259634 ]]
Estimated pose: 
(0.447794, 0.259686, 0.98051)

Current pose: (0.4477942608084409, 0.25968562390510375, 0.9805100005932903)
Goal pose: (0.5, 0.5, 0)
Dist: 0.24591957742810217
Moving to goal, dist: 0.24591957742810217, theta_diff: 0.3763707430924299
dt=0.10012936592102051
raw_control = 0.12295978871405108 + 0.01931307100688265 + -0.0 = 0.14227285972093373
dt=0.10012578964233398
raw_control = 0.18818537154621495 + 0.10621892486718422 + -0.0031778187056545277 = 0.2912264777077446
Velocities: 0.14227285972093373 0.2912264777077446
Rel pose: (0.0170126, 0.000279553, 0.0350811)

Estimated landmark positions:
682: [0.89060737 0.26843213]
683: [ 0.83203881 -0.26782961]
Odometry measurement
[0.46942897166594816, 0.2605033763550071, 0.9770353152664256]
Covariance:
[[0.00674092 0.00579926 0.01454275]
 [0.00579926 0.01913605 0.04722394]
 [0.01454275 0.04722394 0.23560169]]
Estimated pose: 
(0.457031, 0.273975, 1.01559)

Current pose: (0.4570311969723551, 0.27397495599459326, 1.015591118558376)
Goal pose: (0.5, 0.5, 0)
Dist: 0.23007311566385716
Moving to goal, dist: 0.23007311566385716, theta_diff: 0.3673405897162849
dt=0.10026764869689941
raw_control = 0.11503655783192858 + 0.019543759910242497 + -0.0 = 0.13458031774217108
dt=0.10027575492858887
raw_control = 0.18367029485814246 + 0.1080606926146699 + -0.00900532076031319 = 0.28272566671249916
Velocities: 0.13458031774217108 0.28272566671249916
Rel pose: (0.00925382, 6.44783e-05, 0.0198968)

Estimated landmark positions:
682: [0.89060737 0.26843213]
683: [ 0.83203881 -0.26782961]
Odometry measurement
[0.47455287570918936, 0.26820940589107045, 0.996932068739161]
Covariance:
[[0.00708025 0.00619034 0.0155076 ]
 [0.00619034 0.01988903 0.04910535]
 [0.0155076  0.04910535 0.24523997]]
Estimated pose: 
(0.461854, 0.281873, 1.03549)

Current pose: (0.4618542544655684, 0.2818727658353469, 1.0354878720311111)
Goal pose: (0.5, 0.5, 0)
Dist: 0.2214375491796706
Moving to goal, dist: 0.2214375491796706, theta_diff: 0.3621807603801903
dt=0.09996199607849121
raw_control = 0.1107187745898353 + 0.019765113304469787 + -0.0 = 0.1304838878943051
dt=0.09995198249816895
raw_control = 0.18109038019009516 + 0.10987072686580461 + -0.005162308147503854 = 0.28579879890839593
Velocities: 0.1304838878943051 0.28579879890839593
Rel pose: (0.00895535, 5.99607e-05, 0.0188496)

Estimated landmark positions:
682: [0.89060737 0.26843213]
683: [ 0.83203881 -0.26782961]
Odometry measurement
[0.4793642119238955, 0.2757627437449421, 1.0157816246607003]
Covariance:
[[0.0074217  0.00658001 0.0164571 ]
 [0.00658001 0.0206449  0.05100043]
 [0.0164571  0.05100043 0.25487826]]
Estimated pose: 
(0.466371, 0.289606, 1.05434)

Current pose: (0.4663708621172796, 0.289605949153629, 1.0543374279526505)
Goal pose: (0.5, 0.5, 0)
Dist: 0.21306472149626357
Moving to goal, dist: 0.21306472149626357, theta_diff: 0.3579607924780579
dt=0.10194134712219238
raw_control = 0.10653236074813179 + 0.019982314351805225 + -0.0 = 0.12651467509993702
dt=0.10195112228393555
raw_control = 0.17898039623902895 + 0.11169545209214386 + -0.00413920691366176 = 0.28653664141751106
Velocities: 0.12651467509993702 0.28653664141751106
Rel pose: (0.0105752, 0.000117127, 0.0277507)

Estimated landmark positions:
682: [0.89060737 0.26843213]
683: [ 0.83203881 -0.26782961]
Odometry measurement
[0.4848373450655352, 0.28481227392237946, 1.0435323597674093]
Covariance:
[[0.0079032  0.00713495 0.01791083]
 [0.00713495 0.02146673 0.05321934]
 [0.01791083 0.05321934 0.26451654]]
Estimated pose: 
(0.471491, 0.29886, 1.08209)

Current pose: (0.47149110225423396, 0.2988597226417536, 1.0820881630593593)
Goal pose: (0.5, 0.5, 0)
Dist: 0.20315060528197015
Moving to goal, dist: 0.20315060528197015, theta_diff: 0.34790961422450417
dt=0.10058975219726562
raw_control = 0.10157530264098508 + 0.020186663042245603 + -0.0 = 0.12176196568323068
dt=0.1005864143371582
raw_control = 0.17395480711225209 + 0.11344520112255721 + -0.009992580329847452 = 0.2774074279049618
Velocities: 0.12176196568323068 0.2774074279049618
Rel pose: (0.0124081, 0.000176246, 0.0328122)

Estimated landmark positions:
682: [0.89060737 0.26843213]
683: [ 0.83203881 -0.26782961]
Odometry measurement
[0.49092843068574427, 0.2956238767409814, 1.0763445497049031]
Covariance:
[[0.00849477 0.00782099 0.0197082 ]
 [0.00782099 0.02243028 0.05588501]
 [0.0197082  0.05588501 0.27415483]]
Estimated pose: 
(0.477161, 0.309898, 1.1149)

Current pose: (0.47716091432292596, 0.3098980789804917, 1.1149003529968529)
Goal pose: (0.5, 0.5, 0)
Dist: 0.1914689640904554
Moving to goal, dist: 0.1914689640904554, theta_diff: 0.3363277883371043
dt=0.0995786190032959
raw_control = 0.0957344820452277 + 0.020377325192506797 + -0.0 = 0.11611180723773451
dt=0.09958481788635254
raw_control = 0.16816389416855215 + 0.11511985820014073 + -0.011630112032355366 = 0.2716536403363375
Velocities: 0.11611180723773451 0.2716536403363375
Rel pose: (0.00831571, 5.21009e-05, 0.0188496)

Estimated landmark positions:
682: [0.89060737 0.26843213]
683: [ 0.83203881 -0.26782961]
Odometry measurement
[0.4948287840252891, 0.30296833198215645, 1.0951941056264416]
Covariance:
[[0.00889885 0.0082567  0.02078673]
 [0.0082567  0.02317256 0.05778327]
 [0.02078673 0.05778327 0.28379311]]
Estimated pose: 
(0.480775, 0.317387, 1.13375)

Current pose: (0.4807752677680535, 0.31738741994906144, 1.1337499089183913)
Goal pose: (0.5, 0.5, 0)
Dist: 0.18362174359876468
Moving to goal, dist: 0.18362174359876468, theta_diff: 0.3321567222545083
dt=0.1001901626586914
raw_control = 0.09181087179938234 + 0.020561296116095123 + -0.0 = 0.11237216791547747
dt=0.1001882553100586
raw_control = 0.16607836112725416 + 0.11678376832475007 + -0.004163228583717262 = 0.27869890086828697
Velocities: 0.11237216791547747 0.27869890086828697
Rel pose: (0.0133877, 0.000250425, 0.0401426)

Estimated landmark positions:
682: [0.89060737 0.26843213]
683: [ 0.83203881 -0.26782961]
Odometry measurement
[0.5007360262341961, 0.31498488086347054, 1.1353366784223116]
Covariance:
[[0.00969729 0.00912899 0.0231704 ]
 [0.00912899 0.02416175 0.06070164]
 [0.0231704  0.06070164 0.2934314 ]]
Estimated pose: 
(0.486215, 0.329623, 1.17389)

Current pose: (0.4862149269007708, 0.32962274038088457, 1.1738924817142613)
Goal pose: (0.5, 0.5, 0)
Dist: 0.17093401895371954
Moving to goal, dist: 0.17093401895371954, theta_diff: 0.3161705923492666
dt=0.09989666938781738
raw_control = 0.08546700947685977 + 0.02073205350788063 + -0.0 = 0.1061990629847404
dt=0.0998985767364502
raw_control = 0.1580852961746333 + 0.11836301793383068 + -0.016002360021020037 = 0.260445954087444
Velocities: 0.1061990629847404 0.260445954087444
Rel pose: (0.00720681, 5.81441e-05, 0.0202458)

Estimated landmark positions:
682: [0.89060737 0.26843213]
683: [ 0.83203881 -0.26782961]
Odometry measurement
[0.5037233361181759, 0.3215436494281392, 1.1555824977454456]
Covariance:
[[0.01017705 0.00959554 0.02442027]
 [0.00959554 0.02476947 0.06233474]
 [0.02442027 0.06233474 0.30306968]]
Estimated pose: 
(0.488947, 0.336292, 1.19414)

Current pose: (0.4889472007247934, 0.33629178417917666, 1.1941383010373956)
Goal pose: (0.5, 0.5, 0)
Dist: 0.16408090778349346
Moving to goal, dist: 0.16408090778349346, theta_diff: 0.3092450924291772
dt=0.09987258911132812
raw_control = 0.08204045389174673 + 0.020895925358721375 + -0.0 = 0.10293637925046811
dt=0.09987354278564453
raw_control = 0.1546225462145886 + 0.11990728808232948 + -0.006934268803253912 = 0.26759556549366414
Velocities: 0.10293637925046811 0.26759556549366414
Rel pose: (0.00707897, 4.96223e-05, 0.0185005)

Estimated landmark positions:
682: [0.89060737 0.26843213]
683: [ 0.83203881 -0.26782961]
Odometry measurement
[0.5065334829509651, 0.3280411326401016, 1.1740829878165853]
Covariance:
[[0.01064117 0.01004509 0.0255939 ]
 [0.01004509 0.02540065 0.06401765]
 [0.0255939  0.06401765 0.31270797]]
Estimated pose: 
(0.491505, 0.342893, 1.21264)

Current pose: (0.491504805482786, 0.3428927591994634, 1.2126387911085352)
Goal pose: (0.5, 0.5, 0)
Dist: 0.15733675172013403
Moving to goal, dist: 0.15733675172013403, theta_diff: 0.30413755910004747
dt=0.09860634803771973
raw_control = 0.07866837586006702 + 0.021051069383713775 + -0.0 = 0.09971944524378079
dt=0.09859585762023926
raw_control = 0.15206877955002374 + 0.12140662325602924 + -0.005180271719733257 = 0.26829513108631975
Velocities: 0.09971944524378079 0.26829513108631975
Rel pose: (0.00857121, 8.94631e-05, 0.0246091)

Estimated landmark positions:
682: [0.89060737 0.26843213]
683: [ 0.83203881 -0.26782961]
Odometry measurement
[0.50976278793748, 0.3359812313592634, 1.1986921302697056]
Covariance:
[[0.01125091 0.01063681 0.0271994 ]
 [0.01063681 0.02610672 0.06604864]
 [0.0271994  0.06604864 0.32234626]]
Estimated pose: 
(0.494426, 0.350951, 1.23725)

Current pose: (0.4944256494632283, 0.35095143457542866, 1.2372479335616555)
Goal pose: (0.5, 0.5, 0)
Dist: 0.14915276812392564
Moving to goal, dist: 0.14915276812392564, theta_diff: 0.2961662574055992
dt=0.10237789154052734
raw_control = 0.07457638406196282 + 0.02120376884289338 + -0.0 = 0.0957801529048562
dt=0.10237622261047363
raw_control = 0.1480831287027996 + 0.12292264239092257 + -0.00778628229406147 = 0.2632194887996607
Velocities: 0.0957801529048562 0.2632194887996607
Rel pose: (0.0103189, 0.000145555, 0.0298451)

Estimated landmark positions:
682: [0.89060737 0.26843213]
683: [ 0.83203881 -0.26782961]
Odometry measurement
[0.5133789030052438, 0.34564687177899145, 1.2285372604788085]
Covariance:
[[0.01200816 0.01137298 0.02921058]
 [0.01137298 0.02693898 0.06853376]
 [0.02921058 0.06853376 0.33198454]]
Estimated pose: 
(0.497667, 0.360749, 1.26709)

Current pose: (0.4976665028899788, 0.3607492793376048, 1.2670930637707585)
Goal pose: (0.5, 0.5, 0)
Dist: 0.1392702711053543
Moving to goal, dist: 0.1392702711053543, theta_diff: 0.2869473086631309
dt=0.09700608253479004
raw_control = 0.06963513555267715 + 0.021338869477028267 + -0.0 = 0.09097400502970543
dt=0.09700942039489746
raw_control = 0.14347365433156545 + 0.12431447199578688 + -0.009503147946808283 = 0.25828497838054404
Velocities: 0.09097400502970543 0.25828497838054404
Rel pose: (0.00622609, 4.26631e-05, 0.0188496)

Estimated landmark positions:
682: [0.89060737 0.26843213]
683: [ 0.83203881 -0.26782961]
Odometry measurement
[0.5154282885080682, 0.3515261566287482, 1.2473868164003477]
Covariance:
[[0.01254667 0.01184138 0.03052195]
 [0.01184138 0.02746424 0.07003787]
 [0.03052195 0.07003787 0.34162283]]
Estimated pose: 
(0.499488, 0.366703, 1.28594)

Current pose: (0.4994877409323189, 0.36670319093257797, 1.2859426196922976)
Goal pose: (0.5, 0.5, 0)
Dist: 0.13329779336849198
Moving to goal, dist: 0.13329779336849198, theta_diff: 0.28101073029391554
dt=0.10201215744018555
raw_control = 0.06664889668424599 + 0.021474849431863625 + -0.0 = 0.08812374611610962
dt=0.1020193099975586
raw_control = 0.14050536514695777 + 0.12574789803611164 + -0.0058190732414847915 = 0.2604341899415846
Velocities: 0.08812374611610962 0.2604341899415846
Rel pose: (0.00746232, 8.43335e-05, 0.0284489)

Estimated landmark positions:
682: [0.89060737 0.26843213]
683: [ 0.83203881 -0.26782961]
Odometry measurement
[0.5177198620126908, 0.35862841468930867, 1.275835683207855]
Covariance:
[[0.01334045 0.01249807 0.03254554]
 [0.01249807 0.02792963 0.07169042]
 [0.03254554 0.07169042 0.35126111]]
Estimated pose: 
(0.501504, 0.373889, 1.31439)

Current pose: (0.5015038459535567, 0.3738885022852455, 1.314391486499805)
Goal pose: (0.5, 0.5, 0)
Dist: -0.12612046387684497
Moving to goal, dist: -0.12612046387684497, theta_diff: 0.2683290082334655
dt=0.09993243217468262
raw_control = 0.06306023193842249 + 0.021600884678885747 + -0.0 = 0.08466111661730824
dt=0.09993290901184082
raw_control = 0.13416450411673275 + 0.12708864295436326 + -0.012690236065225933 = 0.2485629110058701
Velocities: 0.08466111661730824 0.2485629110058701
Rel pose: (0.00882646, 0.000123293, 0.0322886)

Estimated landmark positions:
682: [0.89060737 0.26843213]
683: [ 0.83203881 -0.26782961]
Odometry measurement
[0.520167765400749, 0.36710953616805825, 1.30812427436975]
Covariance:
[[0.01427346 0.01326219 0.03489976]
 [0.01326219 0.02848151 0.07370256]
 [0.03489976 0.07370256 0.3608994 ]]
Estimated pose: 
(0.503623, 0.382458, 1.34668)

Current pose: (0.5036230146604742, 0.3824576782394399, 1.3466800776617)
Goal pose: (0.5, 0.5, 0)
Dist: -0.11759814471365208
Moving to goal, dist: -0.11759814471365208, theta_diff: 0.25492955873732814
dt=0.10010552406311035
raw_control = 0.05879907235682604 + 0.021718606917939844 + -0.0 = 0.08051767927476589
dt=0.10010576248168945
raw_control = 0.12746477936866407 + 0.1283646388471893 + -0.013385292878207966 = 0.2424441253376454
Velocities: 0.08051767927476589 0.2424441253376454
Rel pose: (0.00597032, 3.17e-05, 0.0165806)

Estimated landmark positions:
682: [0.89060737 0.26843213]
683: [ 0.83203881 -0.26782961]
Odometry measurement
[0.5216874174440724, 0.3728833037889542, 1.324704902263696]
Covariance:
[[0.01482194 0.01371112 0.03614123]
 [0.01371112 0.02902374 0.07526838]
 [0.03614123 0.07526838 0.37053768]]
Estimated pose: 
(0.504919, 0.388286, 1.36326)

Current pose: (0.5049189802257803, 0.38828573178500475, 1.363260705555646)
Goal pose: (0.5, 0.5, 0)
Dist: -0.11182251154965853
Moving to goal, dist: -0.11182251154965853, theta_diff: 0.25153899722132667
dt=0.09926128387451172
raw_control = 0.05591125577482926 + 0.02182960337856476 + -0.0 = 0.07774085915339402
dt=0.09925150871276855
raw_control = 0.12576949861066333 + 0.12961292009590497 + -0.0034161309585869176 = 0.2519662877479814
Velocities: 0.07774085915339402 0.2519662877479814
Rel pose: (0.00520256, 4.15092e-05, 0.0195477)

Estimated landmark positions:
682: [0.89060737 0.26843213]
683: [ 0.83203881 -0.26782961]
Odometry measurement
[0.5229145803611935, 0.3779392327475519, 1.3442525898860325]
Covariance:
[[0.0154678  0.01417842 0.03762786]
 [0.01417842 0.02936809 0.07647524]
 [0.03762786 0.07647524 0.38017597]]
Estimated pose: 
(0.50595, 0.393385, 1.38281)

Current pose: (0.505950344027384, 0.3933852057942512, 1.3828083931779824)
Goal pose: (0.5, 0.5, 0)
Dist: -0.10678071425860756
Moving to goal, dist: -0.10678071425860756, theta_diff: 0.24374170848801935
dt=0.1009206771850586
raw_control = 0.05339035712930378 + 0.02193736719849759 + -0.0 = 0.07532772432780137
dt=0.10092401504516602
raw_control = 0.12187085424400967 + 0.13084288968863395 + -0.0077259002525987865 = 0.24498784368004484
Velocities: 0.07532772432780137 0.24498784368004484
Rel pose: (0.00950902, 0.000113434, 0.0305433)

Estimated landmark positions:
682: [0.89060737 0.26843213]
683: [ 0.83203881 -0.26782961]
Odometry measurement
[0.5249398755268192, 0.387230764311419, 1.3747958517959338]
Covariance:
[[0.01646049 0.01497005 0.04001304]
 [0.01497005 0.03005565 0.07890521]
 [0.04001304 0.07890521 0.38981425]]
Estimated pose: 
(0.507616, 0.402748, 1.41335)

Current pose: (0.5076159803161205, 0.40274789958786034, 1.4133516550878842)
Goal pose: (0.5, 0.5, 0)
Dist: -0.0975498548986539
Moving to goal, dist: -0.0975498548986539, theta_diff: 0.23559690093609365
dt=0.10025620460510254
raw_control = 0.04877492744932695 + 0.022035166980616763 + -0.0 = 0.07081009442994371
dt=0.10026240348815918
raw_control = 0.11779845046804682 + 0.13202396526574467 + -0.008123491227584217 = 0.24169892450620728
Velocities: 0.07081009442994371 0.24169892450620728
Rel pose: (0.00528793, 3.52054e-05, 0.0207694)

Estimated landmark positions:
682: [0.89060737 0.26843213]
683: [ 0.83203881 -0.26782961]
Odometry measurement
[0.5259351578217637, 0.39242430452531457, 1.3955652698946661]
Covariance:
[[0.01719423 0.01546558 0.0416722 ]
 [0.01546558 0.03036449 0.08011835]
 [0.0416722  0.08011835 0.39945254]]
Estimated pose: 
(0.50841, 0.407976, 1.43412)

Current pose: (0.5084103314271998, 0.40797594445330376, 1.4341210731866165)
Goal pose: (0.5, 0.5, 0)
Dist: -0.092407578011637
Moving to goal, dist: -0.092407578011637, theta_diff: 0.22781481371427126
dt=0.09812617301940918
raw_control = 0.0462037890058185 + 0.02212584300049951 + -0.0 = 0.068329632006318
dt=0.0981149673461914
raw_control = 0.11390740685713563 + 0.1331415674161724 + -0.007931600480856164 = 0.23911737379245185
Velocities: 0.068329632006318 0.23911737379245185
Rel pose: (0.00771831, 8.26824e-05, 0.0233874)

Estimated landmark positions:
682: [0.89060737 0.26843213]
683: [ 0.83203881 -0.26782961]
Odometry measurement
[0.5271993187306515, 0.40003883575909055, 1.4189526818713902]
Covariance:
[[0.01803309 0.01610062 0.04357347]
 [0.01610062 0.03097929 0.08220496]
 [0.04357347 0.08220496 0.40909083]]
Estimated pose: 
(0.50938, 0.415634, 1.45751)

Current pose: (0.5093800411975781, 0.4156335453622619, 1.4575084851633404)
Goal pose: (0.5, 0.5, 0)
Dist: -0.08488629948943344
Moving to goal, dist: -0.08488629948943344, theta_diff: 0.22401520417941034
dt=0.10118627548217773
raw_control = 0.04244314974471672 + 0.022211736285347512 + -0.0 = 0.06465488603006422
dt=0.10118556022644043
raw_control = 0.11200760208970517 + 0.1342749226128791 + -0.0037550906733706587 = 0.24252743402921362
Velocities: 0.06465488603006422 0.24252743402921362
Rel pose: (0.00665204, 8.12294e-05, 0.0280998)

Estimated landmark positions:
682: [0.89060737 0.26843213]
683: [ 0.83203881 -0.26782961]
Odometry measurement
[0.5281252170667152, 0.4066266238930284, 1.4470524828284985]
Covariance:
[[0.01905738 0.01675273 0.04590915]
 [0.01675273 0.03125969 0.08366941]
 [0.04590915 0.08366941 0.41872911]]
Estimated pose: 
(0.510051, 0.422252, 1.48561)

Current pose: (0.5100513168838038, 0.42225212747506097, 1.4856082861204487)
Goal pose: (0.5, 0.5, 0)
Dist: -0.07839490195958414
Moving to goal, dist: -0.07839490195958414, theta_diff: 0.2137558553254011
dt=0.09894299507141113
raw_control = 0.03919745097979207 + 0.02228930254932962 + -0.0 = 0.06148675352912169
dt=0.0989522933959961
raw_control = 0.10687792766270054 + 0.13533250421844265 + -0.010367974810803504 = 0.23184245707033968
Velocities: 0.06148675352912169 0.23184245707033968
Rel pose: (0.00358223, 1.20355e-05, 0.0139626)

Estimated landmark positions:
682: [0.89060737 0.26843213]
683: [ 0.83203881 -0.26782961]
Odometry measurement
[0.528555422415435, 0.4101829503753436, 1.461015116844453]
Covariance:
[[0.0196311  0.01708838 0.04708879]
 [0.01708838 0.03148968 0.08452017]
 [0.04708879 0.08452017 0.4283674 ]]
Estimated pose: 
(0.510344, 0.425822, 1.49957)

Current pose: (0.5103441194563733, 0.42582239376003983, 1.4995709201364031)
Goal pose: (0.5, 0.5, 0)
Dist: -0.07489538086436505
Moving to goal, dist: -0.07489538086436505, theta_diff: 0.20978257139430467
dt=0.10028314590454102
raw_control = 0.037447690432182525 + 0.02236440999339759 + -0.0 = 0.05981210042558012
dt=0.10027670860290527
raw_control = 0.10489128569715234 + 0.13638431950752639 + -0.003962319851193541 = 0.23731328535348517
Velocities: 0.05981210042558012 0.23731328535348517
Rel pose: (0.00703615, 6.79834e-05, 0.0221657)

Estimated landmark positions:
682: [0.89060737 0.26843213]
683: [ 0.83203881 -0.26782961]
Odometry measurement
[0.5292587343231154, 0.41718418861323325, 1.483180798344781]
Covariance:
[[0.02050285 0.01768637 0.0489882 ]
 [0.01768637 0.03202214 0.0864697 ]
 [0.0489882  0.0864697  0.43800568]]
Estimated pose: 
(0.510777, 0.432846, 1.52174)

Current pose: (0.5107770371849562, 0.4328455388353161, 1.521736601636731)
Goal pose: (0.5, 0.5, 0)
Dist: -0.06801372056287586
Moving to goal, dist: -0.06801372056287586, theta_diff: 0.20818426674956458
dt=0.09975910186767578
raw_control = 0.03400686028143793 + 0.02243225987017791 + -0.0 = 0.05643912015161584
dt=0.09976553916931152
raw_control = 0.10409213337478229 + 0.1374228002884683 + -0.0016020608499169395 = 0.23991287281333365
Velocities: 0.05643912015161584 0.23991287281333365
Rel pose: (0.00635357, 7.98307e-05, 0.0289725)

Estimated landmark positions:
682: [0.89060737 0.26843213]
683: [ 0.83203881 -0.26782961]
Odometry measurement
[0.5297351691792017, 0.42352037183074615, 1.5121532639278874]
Covariance:
[[0.02164751 0.01832641 0.0515182 ]
 [0.01832641 0.03218611 0.08779704]
 [0.0515182  0.08779704 0.44764397]]
Estimated pose: 
(0.511009, 0.439195, 1.55071)

Current pose: (0.5110088818511402, 0.4391953778878249, 1.5507090672198376)
Goal pose: (0.5, 0.5, 0)
Dist: -0.061793183684098814
Moving to goal, dist: -0.061793183684098814, theta_diff: 0.19920032368528462
dt=0.1004190444946289
raw_control = 0.030896591842049407 + 0.02249431199479629 + -0.0 = 0.05339090383684569
dt=0.10042381286621094
raw_control = 0.09960016184264231 + 0.13842302308990126 + -0.008946028643872318 = 0.22907715628867126
Velocities: 0.05339090383684569 0.22907715628867126
Rel pose: (0.00319838, 1.67617e-05, 0.0148353)

Estimated landmark positions:
682: [0.89060737 0.26843213]
683: [ 0.83203881 -0.26782961]
Odometry measurement
[0.5299058915183272, 0.4267142347563378, 1.5269885625698392]
Covariance:
[[0.02229675 0.0186463  0.05282871]
 [0.0186463  0.03230135 0.08845481]
 [0.05282871 0.08845481 0.45728225]]
Estimated pose: 
(0.511056, 0.442393, 1.56554)

Current pose: (0.5110563658688486, 0.4423934478954428, 1.5655443658617894)
Goal pose: (0.5, 0.5, 0)
Dist: -0.058657975345223955
Moving to goal, dist: -0.058657975345223955, theta_diff: 0.19487500168671268
dt=0.0989689826965332
raw_control = 0.029328987672611977 + 0.02255236519626584 + -0.0 = 0.05188135286887782
dt=0.09895467758178711
raw_control = 0.09743750084335634 + 0.1393872127379342 + -0.004371013179237551 = 0.232453700402053
Velocities: 0.05188135286887782 0.232453700402053
Rel pose: (0.00724916, 8.33816e-05, 0.0260054)

Estimated landmark positions:
682: [0.89060737 0.26843213]
683: [ 0.83203881 -0.26782961]
Odometry measurement
[0.5301400577668639, 0.43396008893899757, 1.5529939684245544]
Covariance:
[[0.02338448 0.01929014 0.05515897]
 [0.01929014 0.03271129 0.09036601]
 [0.05515897 0.09036601 0.46692054]]
Estimated pose: 
(0.511011, 0.449643, 1.59155)

Current pose: (0.5110110575715803, 0.44964294331455673, 1.5915497717165044)
Goal pose: (0.5, 0.5, 0)
Dist: -0.05154683837895009
Moving to goal, dist: -0.05154683837895009, theta_diff: 0.19451805150111512
dt=0.10136604309082031
raw_control = 0.025773419189475046 + 0.022604616186669004 + -0.0 = 0.048378035376144046
dt=0.10136914253234863
raw_control = 0.09725902575055756 + 0.14037311914232076 + -0.0003521290371807683 = 0.23728001585569755
Velocities: 0.048378035376144046 0.23728001585569755
Rel pose: (0.00345422, 2.13093e-05, 0.0162316)

Estimated landmark positions:
682: [0.89060737 0.26843213]
683: [ 0.83203881 -0.26782961]
Odometry measurement
[0.5301802419053633, 0.43741414500410936, 1.5692255304681018]
Covariance:
[[0.02411698 0.01963007 0.05663466]
 [0.01963007 0.03280629 0.09107162]
 [0.05663466 0.09107162 0.47655882]]
Estimated pose: 
(0.510918, 0.453096, 1.60778)

Current pose: (0.5109180709322285, 0.45309598133230433, 1.6077813337600517)
Goal pose: (0.5, 0.5, 0)
Dist: -0.04815798210121264
Moving to goal, dist: -0.04815798210121264, theta_diff: 0.1917171132331137
dt=0.09946203231811523
raw_control = 0.02407899105060632 + 0.022652515094390265 + -0.0 = 0.04673150614499658
dt=0.09945964813232422
raw_control = 0.09585855661655684 + 0.14132652497347628 + -0.0028161554163905487 = 0.23436892617364258
Velocities: 0.04673150614499658 0.23436892617364258
Rel pose: (0.00358214, 2.23214e-05, 0.0207694)

Estimated landmark positions:
682: [0.89060737 0.26843213]
683: [ 0.83203881 -0.26782961]
Odometry measurement
[0.5301635473295437, 0.4409963173186331, 1.5899949485668339]
Covariance:
[[0.025042   0.02000791 0.05853863]
 [0.02000791 0.03273732 0.09158275]
 [0.05853863 0.09158275 0.48619711]]
Estimated pose: 
(0.510763, 0.456675, 1.62855)

Current pose: (0.5107633094486752, 0.4566748479244375, 1.628550751858784)
Goal pose: (0.5, 0.5, 0)
Dist: -0.044642106050886046
Moving to goal, dist: -0.044642106050886046, theta_diff: 0.18574695730975077
dt=0.099578857421875
raw_control = 0.022321053025443023 + 0.022696969193524798 + -0.0 = 0.04501802221896782
dt=0.0995781421661377
raw_control = 0.09287347865487539 + 0.14225134181957216 + -0.0059954481912327905 = 0.22912937228321476
Velocities: 0.04501802221896782 0.22912937228321476
Rel pose: (0.00545831, 5.52112e-05, 0.0263545)

Estimated landmark positions:
682: [0.89060737 0.26843213]
683: [ 0.83203881 -0.26782961]
Odometry measurement
[0.5300035606978032, 0.4464525611402455, 1.616349420271949]
Covariance:
[[0.02621226 0.0205236  0.06097473]
 [0.0205236  0.03277486 0.09266197]
 [0.06097473 0.09266197 0.49583539]]
Estimated pose: 
(0.510393, 0.462121, 1.65491)

Current pose: (0.5103931239698107, 0.4621208698742117, 1.6549052235638992)
Goal pose: (0.5, 0.5, 0)
Dist: -0.039279072353331584
Moving to goal, dist: -0.039279072353331584, theta_diff: 0.18367708797080806
dt=0.10096144676208496
raw_control = 0.019639536176665792 + 0.022736625913247446 + -0.0 = 0.04237616208991324
dt=0.10097289085388184
raw_control = 0.09183854398540403 + 0.14317866214737393 + -0.002049925798339302 = 0.23296728033443867
Velocities: 0.04237616208991324 0.23296728033443867
Rel pose: (0.00524524, 4.12043e-05, 0.0188496)

Estimated landmark positions:
682: [0.89060737 0.26843213]
683: [ 0.83203881 -0.26782961]
Odometry measurement
[0.5297235447523096, 0.45169048521254446, 1.6351989761934875]
Covariance:
[[0.02709536 0.02096704 0.06273903]
 [0.02096704 0.03307245 0.09409693]
 [0.06273903 0.09409693 0.50547368]]
Estimated pose: 
(0.509911, 0.467344, 1.67375)

Current pose: (0.5099114137888807, 0.46734410764605644, 1.6737547794854377)
Goal pose: (0.5, 0.5, 0)
Dist: -0.03412687253070173
Moving to goal, dist: -0.03412687253070173, theta_diff: 0.1917160764596364
dt=0.0990760326385498
raw_control = 0.017063436265350864 + 0.02277043746461448 + -0.0 = 0.039833873729965344
dt=0.09906578063964844
raw_control = 0.0958580382298182 + 0.14412828728615615 + 0.008114798507539288 = 0.24810112402351364
Velocities: 0.039833873729965344 0.24810112402351364
Rel pose: (0.0025587, 1.34123e-05, 0.0148353)

Estimated landmark positions:
682: [0.89060737 0.26843213]
683: [ 0.83203881 -0.26782961]
Odometry measurement
[0.529545486919539, 0.45424301958567204, 1.6500342748354395]
Covariance:
[[0.02782184 0.02121287 0.06414044]
 [0.02121287 0.03302913 0.09444917]
 [0.06414044 0.09444917 0.51511197]]
Estimated pose: 
(0.509635, 0.469888, 1.68859)

Current pose: (0.5096350976537993, 0.46988788155738465, 1.6885900781273897)
Goal pose: (0.5, 0.5, 0)
Dist: -0.03161605262995912
Moving to goal, dist: -0.03161605262995912, theta_diff: 0.19188568847677967
dt=0.10022759437561035
raw_control = 0.01580802631497956 + 0.022802125473602015 + -0.0 = 0.03861015178858157
dt=0.1002349853515625
raw_control = 0.09594284423838983 + 0.14508997024483838 + 0.00016921438811845797 = 0.24120202887134667
Velocities: 0.03861015178858157 0.24120202887134667
Rel pose: (0.00452007, 4.96656e-05, 0.0296706)

Estimated landmark positions:
682: [0.89060737 0.26843213]
683: [ 0.83203881 -0.26782961]
Odometry measurement
[0.529138190705828, 0.45874497705963835, 1.679704872119343]
Covariance:
[[0.02919579 0.02164038 0.06695766]
 [0.02164038 0.03271317 0.09483287]
 [0.06695766 0.09483287 0.52475025]]
Estimated pose: 
(0.509055, 0.474371, 1.71826)

Current pose: (0.5090545705507413, 0.4743707935114335, 1.7182606754112932)
Goal pose: (0.5, 0.5, 0)
Dist: -0.02718163852846127
Moving to goal, dist: -0.02718163852846127, theta_diff: 0.192139394367965
dt=0.0996861457824707
raw_control = 0.013590819264230634 + 0.022829221801411562 + -0.0 = 0.0364200410656422
dt=0.09967899322509766
raw_control = 0.0960696971839825 + 0.14604758331431233 + 0.00025452292702476996 = 0.2423718034253196
Velocities: 0.0364200410656422 0.2423718034253196
Rel pose: (0.00375267, 2.8886e-05, 0.0225147)

Estimated landmark positions:
682: [0.89060737 0.26843213]
683: [ 0.83203881 -0.26782961]
Odometry measurement
[0.528701585464735, 0.4624722744753702, 1.7022196194700698]
Covariance:
[[0.03027938 0.0219621  0.06910482]
 [0.0219621  0.03254485 0.09527049]
 [0.06910482 0.09527049 0.53438854]]
Estimated pose: 
(0.508475, 0.478078, 1.74078)

Current pose: (0.5084746164436788, 0.4780784913681863, 1.74077542276202)
Goal pose: (0.5, 0.5, 0)
Dist: -0.02350258846514895
Moving to goal, dist: -0.02350258846514895, theta_diff: 0.1989129765116806
dt=0.10037541389465332
raw_control = 0.011751294232574474 + 0.02285281262185941 + -0.0 = 0.03460410685443389
dt=0.10037875175476074
raw_control = 0.0994564882558403 + 0.14704591512881565 + 0.006748023884840089 = 0.25325042726949604
Velocities: 0.03460410685443389 0.25325042726949604
Rel pose: (0.00422151, 5.21438e-05, 0.0274017)

Estimated landmark positions:
682: [0.89060737 0.26843213]
683: [ 0.83203881 -0.26782961]
Odometry measurement
[0.528096682410382, 0.4666505458732425, 1.7296212887263807]
Covariance:
[[0.03159319 0.02229987 0.07172308]
 [0.02229987 0.03223773 0.09559722]
 [0.07172308 0.09559722 0.54402682]]
Estimated pose: 
(0.507709, 0.48223, 1.76818)

Current pose: (0.5077091062428835, 0.4822303408011133, 1.7681770920183306)
Goal pose: (0.5, 0.5, 0)
Dist: -0.019369850466863254
Pose theta diff -1.7681770920183304
Rotating to goal pose only, theta_diff: -1.7681770920183304
dt=0
raw_control = -1.2377239644128313 + 0.0 + 0 = -1.2377239644128313
Velocities: 0 -1.2377239644128313
Rel pose: (0.0017911, 8.66371e-06, 0.0169297)

Estimated landmark positions:
682: [0.89060737 0.26843213]
683: [ 0.83203881 -0.26782961]
Odometry measurement
[0.5278048510491176, 0.46841773115424207, 1.7465509824707253]
Covariance:
[[0.03245146 0.0224314  0.07334294]
 [0.0224314  0.03192241 0.09534367]
 [0.07334294 0.09534367 0.55366511]]
Estimated pose: 
(0.507349, 0.483985, 1.78511)

Current pose: (0.5073493733974442, 0.4839849637352592, 1.7851067857626755)
Goal pose: (0.5, 0.5, 0)
Dist: -0.017620859113449173
Pose theta diff -1.7851067857626752
Rotating to goal pose only, theta_diff: -1.7851067857626752
dt=0.10002255439758301
raw_control = -1.2495747500338725 + -0.017855094058444175 + -0.01692587621492891 = -1.2843557203072455
Velocities: 0 -1.2843557203072455
Rel pose: (-8.52923e-05, 1.48862e-07, 0.0111701)

Estimated landmark positions:
682: [0.89060737 0.26843213]
683: [ 0.83203881 -0.26782961]
Odometry measurement
[0.5278196179507993, 0.46833372671729184, 1.7577210896834898]
Covariance:
[[0.03305231 0.02241345 0.07440273]
 [0.02241345 0.03150527 0.09447127]
 [0.07440273 0.09447127 0.56330339]]
Estimated pose: 
(0.507367, 0.483902, 1.79628)

Current pose: (0.5073673673807694, 0.4839015909376725, 1.79627689297544)
Goal pose: (0.5, 0.5, 0)
Dist: -0.017704148566402542
Pose theta diff -1.79627689297544
Rotating to goal pose only, theta_diff: -1.79627689297544
dt=0.11587762832641602
raw_control = -1.2573938250828078 + -0.03866992467599792 + -0.009639571825978077 = -1.3057033215847837
Velocities: 0 -1.3057033215847837
Rel pose: (-0.00063969, 1.04204e-06, -0.0139626)

Estimated landmark positions:
682: [0.89060737 0.26843213]
683: [ 0.83203881 -0.26782961]
Odometry measurement
[0.5279374728068691, 0.4677049864180849, 1.7437584556675347]
Covariance:
[[0.03252734 0.02238031 0.0730809 ]
 [0.02238031 0.03210945 0.09514057]
 [0.0730809  0.09514057 0.57294168]]
Estimated pose: 
(0.507509, 0.483278, 1.78231)

Current pose: (0.5075093702308148, 0.48327786077040014, 1.7823142589594847)
Goal pose: (0.5, 0.5, 0)
Dist: -0.018330864182508413
Pose theta diff -1.7823142589594845
Rotating to goal pose only, theta_diff: -1.7823142589594845
dt=0.08544397354125977
raw_control = -1.247619981271639 + -0.05389872591447234 + 0.016341274214281682 = -1.2851774329718297
Velocities: 0 -1.2851774329718297
Rel pose: (-0.000255847, 2.96959e-06, -0.0350811)

Estimated landmark positions:
682: [0.89060737 0.26843213]
683: [ 0.83203881 -0.26782961]
Odometry measurement
[0.5279785790742373, 0.46745244565191624, 1.708677337702449]
Covariance:
[[0.0310587  0.02232266 0.06970242]
 [0.02232266 0.03372902 0.09749871]
 [0.06970242 0.09749871 0.58257996]]
Estimated pose: 
(0.50756, 0.483027, 1.74723)

Current pose: (0.5075601804485895, 0.48302709218072, 1.7472331409943989)
Goal pose: (0.5, 0.5, 0)
Dist: -0.018580525510787146
Pose theta diff -1.7472331409943989
Rotating to goal pose only, theta_diff: -1.7472331409943989
dt=0.10292339324951172
raw_control = -1.2230631986960792 + -0.07188184228138694 + 0.03408468848286058 = -1.2608603524946056
Velocities: 0 -1.2608603524946056
Rel pose: (4.26979e-05, 1.83022e-06, -0.0558505)

Estimated landmark positions:
682: [0.89060737 0.26843213]
683: [ 0.83203881 -0.26782961]
Odometry measurement
[0.5279708976273239, 0.46749448677949923, 1.65282680163863]
Covariance:
[[0.0286782  0.02203701 0.06414876]
 [0.02203701 0.03631759 0.10126236]
 [0.06414876 0.10126236 0.59221825]]
Estimated pose: 
(0.507551, 0.483069, 1.69138)

Current pose: (0.5075508841825188, 0.48306880597307306, 1.69138260493058)
Goal pose: (0.5, 0.5, 0)
Dist: -0.018538640271477825
Pose theta diff -1.6913826049305802
Rotating to goal pose only, theta_diff: -1.6913826049305802
dt=0.09737920761108398
raw_control = -1.1839678234514062 + -0.08835239206491804 + 0.05735365632351023 = -1.214966559192814
Velocities: 0 -1.214966559192814
Rel pose: (-0.000298457, 1.23334e-06, -0.0839503)

Estimated landmark positions:
682: [0.89060737 0.26843213]
683: [ 0.83203881 -0.26782961]
Odometry measurement
[0.5279941235310491, 0.46719693260024725, 1.5688764646177031]
Covariance:
[[0.02515188 0.02107484 0.05544591]
 [0.02107484 0.03998336 0.10610854]
 [0.05544591 0.10610854 0.60185654]]
Estimated pose: 
(0.507586, 0.482772, 1.60743)

Current pose: (0.5075855624233708, 0.4827723682025133, 1.607432267909653)
Goal pose: (0.5, 0.5, 0)
Dist: -0.018823709906089996
Pose theta diff -1.6074322679096529
Rotating to goal pose only, theta_diff: -1.6074322679096529
dt=0.10109400749206543
raw_control = -1.1252025875367568 + -0.10460256903842266 + 0.08304185292834135 = -1.146763303646838
Velocities: 0 -1.146763303646838
Rel pose: (-0.000510916, 2.30595e-05, -0.0968658)

Estimated landmark positions:
682: [0.89060737 0.26843213]
683: [ 0.83203881 -0.26782961]
Odometry measurement
[0.5279700831364234, 0.46668606167049764, 1.472010691132018]
Covariance:
[[0.02133562 0.01923287 0.04493969]
 [0.01923287 0.04388879 0.11066614]
 [0.04493969 0.11066614 0.61149482]]
Estimated pose: 
(0.507581, 0.482261, 1.51057)

Current pose: (0.5075812320544827, 0.48226095027618654, 1.510566494423968)
Goal pose: (0.5, 0.5, 0)
Dist: -0.01929116286199052
Pose theta diff -1.5105664944239683
Rotating to goal pose only, theta_diff: -1.5105664944239683
dt=0.09926438331604004
raw_control = -1.0573965460967778 + -0.11959711419110942 + 0.09758361483723854 = -1.0794100454506488
Velocities: 0 -1.0794100454506488
Rel pose: (-0.000127863, 3.58654e-06, -0.0549779)

Estimated landmark positions:
682: [0.89060737 0.26843213]
683: [ 0.83203881 -0.26782961]
Odometry measurement
[0.5279539036229918, 0.46655917607387587, 1.4170328196941961]
Covariance:
[[0.01939348 0.01787473 0.03879278]
 [0.01787473 0.04600232 0.11289018]
 [0.03879278 0.11289018 0.62113311]]
Estimated pose: 
(0.50757, 0.482134, 1.45559)

Current pose: (0.5075699555295038, 0.4821335353191722, 1.455588622986146)
Goal pose: (0.5, 0.5, 0)
Dist: -0.019403988943254236
Pose theta diff -1.4555886229861459
Rotating to goal pose only, theta_diff: -1.4555886229861459
dt=0.09778833389282227
raw_control = -1.0189120360903021 + -0.1338310728186257 + 0.05622129884949172 = -1.096521810059436
Velocities: 0 -1.096521810059436
Rel pose: (-0.000127802, 3.68122e-06, -0.0727802)

Estimated landmark positions:
682: [0.89060737 0.26843213]
683: [ 0.83203881 -0.26782961]
Odometry measurement
[0.5279306919685415, 0.46643344618653143, 1.3442525898860325]
Covariance:
[[0.01704185 0.01575269 0.03048465]
 [0.01575269 0.04852483 0.11533285]
 [0.03048465 0.11533285 0.63077139]]
Estimated pose: 
(0.507552, 0.482007, 1.38281)

Current pose: (0.5075516075414125, 0.48200700414985564, 1.3828083931779824)
Goal pose: (0.5, 0.5, 0)
Dist: -0.019513448596361175
Pose theta diff -1.3828083931779824
Rotating to goal pose only, theta_diff: -1.3828083931779824
dt=0.10295820236206055
raw_control = -0.9679658752245877 + -0.14806821945590315 + 0.07068910309081165 = -1.045344991589679
Velocities: 0 -1.045344991589679
Rel pose: (-0.000426106, 1.18491e-05, -0.0834267)

Estimated landmark positions:
682: [0.89060737 0.26843213]
683: [ 0.83203881 -0.26782961]
Odometry measurement
[0.5278234374931013, 0.46602088876981534, 1.2608258516407036]
Covariance:
[[0.01474523 0.0129135  0.02078289]
 [0.0129135  0.05092254 0.11720354]
 [0.02078289 0.11720354 0.64040968]]
Estimated pose: 
(0.50746, 0.481591, 1.29938)

Current pose: (0.5074603353175923, 0.48159061908075934, 1.2993816549326536)
Goal pose: (0.5, 0.5, 0)
Dist: -0.019863582478511187
Pose theta diff -1.2993816549326533
Rotating to goal pose only, theta_diff: -1.2993816549326533
dt=0.09974169731140137
raw_control = -0.9095671584528573 + -0.1610284726277312 + 0.08364278982025371 = -0.9869528412603347
Velocities: 0 -0.9869528412603347
Rel pose: (-0.000255869, 2.15118e-06, -0.0506145)

Estimated landmark positions:
682: [0.89060737 0.26843213]
683: [ 0.83203881 -0.26782961]
Odometry measurement
[0.527743340845994, 0.4657778695892163, 1.2102113033328685]
Covariance:
[[0.01363316 0.01101691 0.01483352]
 [0.01101691 0.05217459 0.11794119]
 [0.01483352 0.11794119 0.65004796]]
Estimated pose: 
(0.50739, 0.481345, 1.24877)

Current pose: (0.5073896656753885, 0.4813446930823489, 1.2487671066248185)
Goal pose: (0.5, 0.5, 0)
Dist: -0.02006558334526498
Pose theta diff -1.2487671066248183
Rotating to goal pose only, theta_diff: -1.2487671066248183
dt=0.09746026992797852
raw_control = -0.8741369746373727 + -0.17319899055661475 + 0.05193351952055783 = -0.9954024456734297
Velocities: 0 -0.9954024456734297
Rel pose: (-0.000298255, 1.01166e-05, -0.0911062)

Estimated landmark positions:
682: [0.89060737 0.26843213]
683: [ 0.83203881 -0.26782961]
Odometry measurement
[0.5276286438289128, 0.4655023641357984, 1.1191051163787642]
Covariance:
[[0.012056   0.00734338 0.00405277]
 [0.00734338 0.05388116 0.11860794]
 [0.00405277 0.11860794 0.65968625]]
Estimated pose: 
(0.507286, 0.481065, 1.15766)

Current pose: (0.5072856736016559, 0.4810649712397986, 1.1576609196707142)
Goal pose: (0.5, 0.5, 0)
Dist: -0.020288330487734086
Pose theta diff -1.1576609196707146
Rotating to goal pose only, theta_diff: -1.1576609196707146
dt=0.10289931297302246
raw_control = -0.8103626437695002 + -0.18511124188559813 + 0.08853915961323217 = -0.9069347260418661
Velocities: 0 -0.9069347260418661
Rel pose: (-0.000255871, 9.82473e-07, -0.0525344)

Estimated landmark positions:
682: [0.89060737 0.26843213]
683: [ 0.83203881 -0.26782961]
Odometry measurement
[0.5275160755013064, 0.46527258357952417, 1.0665707058937348]
Covariance:
[[ 0.01150113  0.0051117  -0.00217273]
 [ 0.0051117   0.05457537  0.11848852]
 [-0.00217273  0.11848852  0.66932453]]
Estimated pose: 
(0.507182, 0.480831, 1.10513)

Current pose: (0.507182046112007, 0.48083102236543196, 1.1051265091856848)
Goal pose: (0.5, 0.5, 0)
Dist: -0.0204702586673829
Pose theta diff -1.105126509185685
Rotating to goal pose only, theta_diff: -1.105126509185685
dt=0.0971534252166748
raw_control = -0.7735885564299795 + -0.19584792445211177 + 0.05407365758630292 = -0.9153628232957883
Velocities: 0 -0.9153628232957883
Rel pose: (-0.000213171, 5.31394e-06, -0.0467748)

Estimated landmark positions:
682: [0.89060737 0.26843213]
683: [ 0.83203881 -0.26782961]
Odometry measurement
[0.5274084337153196, 0.4650885093512563, 1.0197958819402868]
Covariance:
[[ 0.01121773  0.00307969 -0.0077075 ]
 [ 0.00307969  0.0550083   0.11811464]
 [-0.0077075   0.11811464  0.67896282]]
Estimated pose: 
(0.507082, 0.480643, 1.05835)

Current pose: (0.5070815796950433, 0.4806429357506244, 1.0583516852322368)
Goal pose: (0.5, 0.5, 0)
Dist: -0.02061176138353307
Pose theta diff -1.0583516852322372
Rotating to goal pose only, theta_diff: -1.0583516852322372
dt=0.10338306427001953
raw_control = -0.740846179662566 + -0.20678948848157655 + 0.045244184126018605 = -0.902391484018124
Velocities: 0 -0.902391484018124
Rel pose: (-8.51607e-05, 6.02699e-06, -0.0600393)

Estimated landmark positions:
682: [0.89060737 0.26843213]
683: [ 0.83203881 -0.26782961]
Odometry measurement
[0.5273587136782145, 0.46501910767469234, 0.959756555671682]
Covariance:
[[ 1.11065033e-02  4.35822571e-04 -1.47814893e-02]
 [ 4.35822571e-04  5.52995081e-02  1.17381382e-01]
 [-1.47814893e-02  1.17381382e-01  6.88601106e-01]]
Estimated pose: 
(0.507035, 0.480572, 0.998312)

Current pose: (0.5070345717834951, 0.48057166913114346, 0.998312358963632)
Goal pose: (0.5, 0.5, 0)
Dist: -0.0206626532789695
Pose theta diff -0.9983123589636325
Rotating to goal pose only, theta_diff: -0.9983123589636325
dt=0.09899044036865234
raw_control = -0.6988186512745427 + -0.21667182648550437 + 0.0606516407493603 = -0.8548388370106867
Velocities: 0 -0.8548388370106867
Rel pose: (-8.50774e-05, 4.15557e-06, -0.074351)

Estimated landmark positions:
682: [0.89060737 0.26843213]
683: [ 0.83203881 -0.26782961]
Odometry measurement
[0.527306499472429, 0.4649518089573074, 0.8854055295367232]
Covariance:
[[ 0.01138568 -0.00284044 -0.02345854]
 [-0.00284044  0.05520048  0.11590044]
 [-0.02345854  0.11590044  0.69823939]]
Estimated pose: 
(0.506985, 0.480502, 0.923961)

Current pose: (0.5069849904956967, 0.48050240776710523, 0.9239613328286732)
Goal pose: (0.5, 0.5, 0)
Dist: -0.02071101627408011
Pose theta diff -0.9239613328286733
Rotating to goal pose only, theta_diff: -0.9239613328286733
dt=0.09764671325683594
raw_control = -0.6467729329800713 + -0.22569400521821692 + 0.07614288659096681 = -0.7963240516073214
Velocities: 0 -0.7963240516073214
Rel pose: (-0.000127987, -2.69389e-06, -0.0420624)

Estimated landmark positions:
682: [0.89060737 0.26843213]
683: [ 0.83203881 -0.26782961]
Odometry measurement
[0.5272275725085371, 0.4648510200544456, 0.8433430945636601]
Covariance:
[[ 0.01180137 -0.00466663 -0.02830577]
 [-0.00466663  0.05495501  0.11472229]
 [-0.02830577  0.11472229  0.70787768]]
Estimated pose: 
(0.50691, 0.480399, 0.881899)

Current pose: (0.5069100072233672, 0.48039865143023064, 0.8818988978556099)
Goal pose: (0.5, 0.5, 0)
Dist: -0.02078367305315849
Pose theta diff -0.8818988978556099
Rotating to goal pose only, theta_diff: -0.8818988978556099
dt=0.10004830360412598
raw_control = -0.6173292284989269 + -0.23451725408629714 + 0.04204212711041783 = -0.8098043554748062
Velocities: 0 -0.8098043554748062
Rel pose: (-0.000554231, 1.18328e-05, -0.0521853)

Estimated landmark positions:
682: [0.89060737 0.26843213]
683: [ 0.83203881 -0.26782961]
Odometry measurement
[0.5268501877603804, 0.46444494947057446, 0.7911577499290298]
Covariance:
[[ 0.01250379 -0.00686823 -0.03423924]
 [-0.00686823  0.05432632  0.11269741]
 [-0.03423924  0.11269741  0.71751596]]
Estimated pose: 
(0.506549, 0.479978, 0.829714)

Current pose: (0.5065485554399294, 0.4799783358636536, 0.8297135532209795)
Goal pose: (0.5, 0.5, 0)
Dist: -0.021065388986166084
Pose theta diff -0.8297135532209792
Rotating to goal pose only, theta_diff: -0.8297135532209792
dt=0.10315537452697754
raw_control = -0.5807994872546853 + -0.2430761953195591 + 0.05058907000621968 = -0.7732866125680247
Velocities: 0 -0.7732866125680247
Rel pose: (-0.000255651, 1.08636e-05, -0.0600393)

Estimated landmark positions:
682: [0.89060737 0.26843213]
683: [ 0.83203881 -0.26782961]
Odometry measurement
[0.5266627334757531, 0.46427077606591893, 0.7311184236604248]
Covariance:
[[ 0.01357675 -0.00931277 -0.04093654]
 [-0.00931277  0.05339653  0.11025631]
 [-0.04093654  0.11025631  0.72715425]]
Estimated pose: 
(0.506368, 0.479797, 0.769674)

Current pose: (0.5063679541999696, 0.47979706624169244, 0.7696742269523745)
Goal pose: (0.5, 0.5, 0)
Dist: -0.021182761225474685
Pose theta diff -0.7696742269523744
Rotating to goal pose only, theta_diff: -0.7696742269523744
dt=0.09894466400146484
raw_control = -0.5387719588666621 + -0.25069171109719807 + 0.060679700997029906 = -0.7287839689668303
Velocities: 0 -0.7287839689668303
Rel pose: (-0.00029848, 3.89987e-06, -0.0354302)

Estimated landmark positions:
682: [0.89060737 0.26843213]
683: [ 0.83203881 -0.26782961]
Odometry measurement
[0.5264379324197049, 0.4640743831727219, 0.69568823984494]
Covariance:
[[ 0.01438547 -0.01068495 -0.04481158]
 [-0.01068495  0.05272237  0.10852002]
 [-0.04481158  0.10852002  0.73679253]]
Estimated pose: 
(0.506151, 0.479592, 0.734244)

Current pose: (0.5061508904220624, 0.4795921540662901, 0.7342440431368898)
Goal pose: (0.5, 0.5, 0)
Dist: -0.02131463414272597
Pose theta diff -0.73424404313689
Rotating to goal pose only, theta_diff: -0.73424404313689
dt=0.09806609153747559
raw_control = -0.5139708301958229 + -0.2578921554517089 + 0.03612888334796636 = -0.7357341022995655
Velocities: 0 -0.7357341022995655
Rel pose: (-0.000255731, 9.4512e-06, -0.0490438)

Estimated landmark positions:
682: [0.89060737 0.26843213]
683: [ 0.83203881 -0.26782961]
Odometry measurement
[0.5262355726893201, 0.46391773652957985, 0.6466444878638988]
Covariance:
[[ 0.01562368 -0.01249762 -0.05007551]
 [-0.01249762  0.05162956  0.10600416]
 [-0.05007551  0.10600416  0.74643082]]
Estimated pose: 
(0.505955, 0.479428, 0.6852)

Current pose: (0.5059547192228601, 0.4794278236311932, 0.6852002911558487)
Goal pose: (0.5, 0.5, 0)
Dist: -0.021416655237744123
Pose theta diff -0.6852002911558488
Rotating to goal pose only, theta_diff: -0.6852002911558488
dt=0.10205769538879395
raw_control = -0.4796402038090941 + -0.26488515171121857 + 0.04805492794463614 = -0.6964704275756765
Velocities: 0 -0.6964704275756765
Rel pose: (-0.000255813, 3.39311e-06, -0.0561996)

Estimated landmark positions:
682: [0.89060737 0.26843213]
683: [ 0.83203881 -0.26782961]
Odometry measurement
[0.5260293617289685, 0.4637663145372254, 0.5904448859496816]
Covariance:
[[ 0.01723781 -0.01442258 -0.05594251]
 [-0.01442258  0.05016157  0.10283327]
 [-0.05594251  0.10283327  0.7560691 ]]
Estimated pose: 
(0.505754, 0.479269, 0.629001)

Current pose: (0.5057544982651558, 0.479268565513534, 0.6290006892416314)
Goal pose: (0.5, 0.5, 0)
Dist: -0.02151526495654456
Pose theta diff -0.6290006892416313
Rotating to goal pose only, theta_diff: -0.6290006892416313
dt=0.10166525840759277
raw_control = -0.4403004824691419 + -0.271279903472249 + 0.05527906267537727 = -0.6563013232660136
Velocities: 0 -0.6563013232660136
Rel pose: (-0.0002132, 2.57508e-06, -0.0335103)

Estimated landmark positions:
682: [0.89060737 0.26843213]
683: [ 0.83203881 -0.26782961]
Odometry measurement
[0.5258508240104688, 0.4636497584465433, 0.5569345643113907]
Covariance:
[[ 0.01834012 -0.01547955 -0.05935298]
 [-0.01547955  0.04921574  0.10074007]
 [-0.05935298  0.10074007  0.76570739]]
Estimated pose: 
(0.505581, 0.479145, 0.59549)

Current pose: (0.5055805860332113, 0.4791452140855458, 0.5954903676033403)
Goal pose: (0.5, 0.5, 0)
Dist: -0.02158853945990306
Pose theta diff -0.5954903676033405
Rotating to goal pose only, theta_diff: -0.5954903676033405
dt=0.09853267669677734
raw_control = -0.41684325732233835 + -0.27714742945895954 + 0.03400934873759176 = -0.6599813380437062
Velocities: 0 -0.6599813380437062
Rel pose: (-8.52654e-05, 2.10618e-06, -0.0446804)

Estimated landmark positions:
682: [0.89060737 0.26843213]
683: [ 0.83203881 -0.26782961]
Odometry measurement
[0.5257773307007818, 0.4636064762171075, 0.5122541354603357]
Covariance:
[[ 0.01988292 -0.01678988 -0.06379205]
 [-0.01678988  0.04785601  0.0979232 ]
 [-0.06379205  0.0979232   0.77534568]]
Estimated pose: 
(0.505509, 0.479099, 0.55081)

Current pose: (0.5055088157101926, 0.4790991311311242, 0.5508099387522853)
Goal pose: (0.5, 0.5, 0)
Dist: -0.021614656370222658
Pose theta diff -0.5508099387522858
Rotating to goal pose only, theta_diff: -0.5508099387522858
dt=0.09822845458984375
raw_control = -0.38556695712660005 + -0.2825579503645959 + 0.045486238216430636 = -0.6226386692747653
Velocities: 0 -0.6226386692747653
Rel pose: (-0.000341064, 7.25591e-06, -0.0483456)

Estimated landmark positions:
682: [0.89060737 0.26843213]
683: [ 0.83203881 -0.26782961]
Odometry measurement
[0.5254764888796951, 0.4634456306971158, 0.46390851518009285]
Covariance:
[[ 0.02166789 -0.01803751 -0.06844267]
 [-0.01803751  0.04620526  0.09446151]
 [-0.06844267  0.09446151  0.78498396]]
Estimated pose: 
(0.505214, 0.478927, 0.502464)

Current pose: (0.5052143974614534, 0.47892680882427746, 0.5024643184720426)
Goal pose: (0.5, 0.5, 0)
Dist: -0.021708738498921614
Pose theta diff -0.5024643184720423
Rotating to goal pose only, theta_diff: -0.5024643184720423
dt=0.10226154327392578
raw_control = -0.3517250229304296 + -0.2876962280292992 + 0.047276443062022944 = -0.5921448078977058
Velocities: 0 -0.5921448078977058
Rel pose: (-6.63456e-09, -3.34875e-07, -0.0352557)

Estimated landmark positions:
682: [0.89060737 0.26843213]
683: [ 0.83203881 -0.26782961]
Odometry measurement
[0.525476632784983, 0.4634453282465731, 0.4286528642898075]
Covariance:
[[ 0.02306913 -0.01885702 -0.07172949]
 [-0.01885702  0.04500398  0.09199033]
 [-0.07172949  0.09199033  0.79462225]]
Estimated pose: 
(0.505215, 0.478927, 0.467209)

Current pose: (0.505214552918128, 0.4789265121455202, 0.46720866758175733)
Goal pose: (0.5, 0.5, 0)
Dist: -0.02170906383262221
Pose theta diff -0.4672086675817573
Rotating to goal pose only, theta_diff: -0.4672086675817573
dt=0.10046625137329102
raw_control = -0.32704606730723007 + -0.2923900983734041 + 0.035092033800773186 = -0.584344131879861
Velocities: 0 -0.584344131879861
Rel pose: (-0.00012791, 2.26247e-06, -0.03735)

Estimated landmark positions:
682: [0.89060737 0.26843213]
683: [ 0.83203881 -0.26782961]
Odometry measurement
[0.5253593547563544, 0.4633942207080409, 0.3913028182971287]
Covariance:
[[ 0.02460665 -0.01961311 -0.0751125 ]
 [-0.01961311  0.04364327  0.08914606]
 [-0.0751125   0.08914606  0.80426053]]
Estimated pose: 
(0.505099, 0.478871, 0.429859)

Current pose: (0.5050993320525529, 0.47887092196085096, 0.4298586215890785)
Goal pose: (0.5, 0.5, 0)
Dist: -0.02173571085027226
Pose theta diff -0.4298586215890783
Rotating to goal pose only, theta_diff: -0.4298586215890783
dt=0.09986448287963867
raw_control = -0.3009010351123548 + -0.2966828592690388 + 0.037400730385491514 = -0.5601831639959021
Velocities: 0 -0.5601831639959021
Rel pose: (-0.000213089, 8.57291e-06, -0.0436332)

Estimated landmark positions:
682: [0.89060737 0.26843213]
683: [ 0.83203881 -0.26782961]
Odometry measurement
[0.5251591026047044, 0.46332087483708206, 0.34766958699727046]
Covariance:
[[ 0.02645215 -0.02035116 -0.07892892]
 [-0.02035116  0.0419611   0.08561333]
 [-0.07892892  0.08561333  0.81389882]]
Estimated pose: 
(0.504902, 0.47879, 0.386225)

Current pose: (0.5049020559332565, 0.47878991162949086, 0.3862253902892203)
Goal pose: (0.5, 0.5, 0)
Dist: -0.021769198447751416
Pose theta diff -0.3862253902892201
Rotating to goal pose only, theta_diff: -0.3862253902892201
dt=0.09947395324707031
raw_control = -0.270357773202454 + -0.3005247959106849 + 0.043863976323011235 = -0.5270185927901277
Velocities: 0 -0.5270185927901277
Rel pose: (-0.000383785, 3.88516e-06, -0.0274017)

Estimated landmark positions:
682: [0.89060737 0.26843213]
683: [ 0.83203881 -0.26782961]
Odometry measurement
[0.5247969556991557, 0.46319376889774666, 0.32026791774095953]
Covariance:
[[ 0.02767746 -0.02071363 -0.08123955]
 [-0.02071363  0.0408708   0.08310634]
 [-0.08123955  0.08310634  0.8235371 ]]
Estimated pose: 
(0.504545, 0.478649, 0.358824)

Current pose: (0.5045450776265825, 0.4786489407474196, 0.35882372103290955)
Goal pose: (0.5, 0.5, 0)
Dist: -0.021829463159657874
Pose theta diff -0.35882372103290994
Rotating to goal pose only, theta_diff: -0.35882372103290994
dt=0.10185742378234863
raw_control = -0.25117660472303693 + -0.30417968189232575 + 0.026901985381902745 = -0.52845430123346
Velocities: 0 -0.52845430123346
Rel pose: (-0.000426403, 5.33627e-06, -0.0418879)

Estimated landmark positions:
682: [0.89060737 0.26843213]
683: [ 0.83203881 -0.26782961]
Odometry measurement
[0.5243905544595243, 0.4630645931377893, 0.2783800156930956]
Covariance:
[[ 0.02953175 -0.02115591 -0.08463811]
 [-0.02115591  0.03914666  0.07928045]
 [-0.08463811  0.07928045  0.83317539]]
Estimated pose: 
(0.504144, 0.478504, 0.316936)

Current pose: (0.504143957658715, 0.4785041957442914, 0.3169358189850455)
Goal pose: (0.5, 0.5, 0)
Dist: -0.02189159623410229
Pose theta diff -0.31693581898504597
Rotating to goal pose only, theta_diff: -0.31693581898504597
dt=0.09593677520751953
raw_control = -0.22185507328953216 + -0.3072202619344437 + 0.04366198671704028 = -0.48541334850693557
Velocities: 0 -0.48541334850693557
Rel pose: (-0.000127931, 1.32485e-06, -0.0268781)

Estimated landmark positions:
682: [0.89060737 0.26843213]
683: [ 0.83203881 -0.26782961]
Odometry measurement
[0.5242671848366491, 0.46303071184643624, 0.25150194521238284]
Covariance:
[[ 0.03077504 -0.0213724  -0.08673642]
 [-0.0213724   0.03808332  0.0768706 ]
 [-0.08673642  0.0768706   0.84281367]]
Estimated pose: 
(0.504022, 0.478466, 0.290058)

Current pose: (0.504021985718806, 0.4784655841964259, 0.2900577485043328)
Goal pose: (0.5, 0.5, 0)
Dist: -0.021906789658083226
Pose theta diff -0.2900577485043332
Rotating to goal pose only, theta_diff: -0.2900577485043332
dt=0.10201835632324219
raw_control = -0.20304042395303323 + -0.31017938340856693 + 0.02634630810513198 = -0.4868734992564681
Velocities: 0 -0.4868734992564681
Rel pose: (-0.000383772, 4.54001e-06, -0.0284489)

Estimated landmark positions:
682: [0.89060737 0.26843213]
683: [ 0.83203881 -0.26782961]
Odometry measurement
[0.5238943569625905, 0.46293960403697987, 0.22305307840487534]
Covariance:
[[ 0.03209521 -0.02151103 -0.08888254]
 [-0.02151103  0.03690507  0.07404885]
 [-0.08888254  0.07404885  0.85245196]]
Estimated pose: 
(0.503653, 0.47836, 0.261609)

Current pose: (0.5036529467885681, 0.47836017297974276, 0.26160888169682517)
Goal pose: (0.5, 0.5, 0)
Dist: -0.021945982176853358
Pose theta diff -0.2616088816968247
Rotating to goal pose only, theta_diff: -0.2616088816968247
dt=0.10057210922241211
raw_control = -0.1831262171877773 + -0.31281043911092354 + 0.028287034076808194 = -0.46764962222189266
Velocities: 0 -0.46764962222189266
Rel pose: (-0.000127931, 7.66602e-07, -0.0286234)

Estimated landmark positions:
682: [0.89060737 0.26843213]
683: [ 0.83203881 -0.26782961]
Odometry measurement
[0.5237694254302662, 0.4629120522216762, 0.19442967867216826]
Covariance:
[[ 0.03342938 -0.02160155 -0.0909629 ]
 [-0.02160155  0.03575209  0.07136572]
 [-0.0909629   0.07136572  0.86209025]]
Estimated pose: 
(0.503529, 0.478328, 0.232985)

Current pose: (0.5035291701224188, 0.4783278259982141, 0.2329854819641181)
Goal pose: (0.5, 0.5, 0)
Dist: -0.021957644858150386
Pose theta diff -0.23298548196411772
Rotating to goal pose only, theta_diff: -0.23298548196411772
dt=0.09769582748413086
raw_control = -0.1630898373748824 + -0.3150866100561509 + 0.02929848742757864 = -0.44887796000345465
Velocities: 0 -0.44887796000345465
Rel pose: (-0.000383725, 6.32577e-06, -0.0376991)

Estimated landmark positions:
682: [0.89060737 0.26843213]
683: [ 0.83203881 -0.26782961]
Odometry measurement
[0.5233917082752442, 0.462844120430191, 0.15673056682909073]
Covariance:
[[ 0.03515833 -0.0215912  -0.09358104]
 [-0.0215912   0.03416965  0.06755582]
 [-0.09358104  0.06755582  0.87172853]]
Estimated pose: 
(0.503154, 0.478245, 0.195286)

Current pose: (0.5031543521962307, 0.47824538511202896, 0.19528637012104055)
Goal pose: (0.5, 0.5, 0)
Dist: -0.021982111061083207
Pose theta diff -0.19528637012104078
Rotating to goal pose only, theta_diff: -0.19528637012104078
dt=0.10678839683532715
raw_control = -0.13670045908472853 + -0.31717204189505255 + 0.03530262927461192 = -0.4185698717051691
Velocities: 0 -0.4185698717051691
Rel pose: (-8.52926e-05, -2.00964e-07, -0.0155334)

Estimated landmark positions:
682: [0.89060737 0.26843213]
683: [ 0.83203881 -0.26782961]
Odometry measurement
[0.5233074925224322, 0.4628306086401221, 0.14119713648634127]
Covariance:
[[ 0.03592847 -0.02155725 -0.09461775]
 [-0.02155725  0.03358796  0.06601976]
 [-0.09461775  0.06601976  0.88136682]]
Estimated pose: 
(0.503071, 0.478229, 0.179753)

Current pose: (0.5030707198599809, 0.4782286371621049, 0.17975293977829104)
Goal pose: (0.5, 0.5, 0)
Dist: -0.021986849712447683
Pose theta diff -0.17975293977829132
Rotating to goal pose only, theta_diff: -0.17975293977829132
dt=0.09806966781616211
raw_control = -0.1258270578448039 + -0.31893487300435613 + 0.015839179114859315 = -0.4289227517343007
Velocities: 0 -0.4289227517343007
Rel pose: (-0.000213219, 1.65232e-06, -0.0293215)

Estimated landmark positions:
682: [0.89060737 0.26843213]
683: [ 0.83203881 -0.26782961]
Odometry measurement
[0.52309616245053, 0.4628022384791683, 0.11187560505283646]
Covariance:
[[ 0.03728903 -0.02143074 -0.09650855]
 [-0.02143074  0.0323996   0.06302955]
 [-0.09650855  0.06302955  0.8910051 ]]
Estimated pose: 
(0.502861, 0.478192, 0.150431)

Current pose: (0.5028606404083248, 0.4781921421032731, 0.15043140834478622)
Goal pose: (0.5, 0.5, 0)
Dist: -0.021994679574605637
Pose theta diff -0.15043140834478663
Rotating to goal pose only, theta_diff: -0.15043140834478663
dt=0.09513115882873535
raw_control = -0.10530198584135064 + -0.32036594442436395 + 0.030822216185016994 = -0.3948457140806976
Velocities: 0 -0.3948457140806976
Rel pose: (-4.26348e-05, 9.22851e-07, -0.0319395)

Estimated landmark positions:
682: [0.89060737 0.26843213]
683: [ 0.83203881 -0.26782961]
Odometry measurement
[0.5230536911057602, 0.4627983957049579, 0.07993607974134036]
Covariance:
[[ 0.038752   -0.02122675 -0.09847173]
 [-0.02122675  0.03113143  0.0598775 ]
 [-0.09847173  0.0598775   0.90064339]]
Estimated pose: 
(0.502818, 0.478187, 0.118492)

Current pose: (0.5028183487520715, 0.47818666507381086, 0.11849188303329014)
Goal pose: (0.5, 0.5, 0)
Dist: -0.0219946509472282
Pose theta diff -0.11849188303328972
Rotating to goal pose only, theta_diff: -0.11849188303328972
dt=0.10016632080078125
raw_control = -0.0829443181233028 + -0.32155283402118406 + 0.03188649144358689 = -0.3726106607009
Velocities: 0 -0.3726106607009
Rel pose: (-8.52898e-05, 4.4658e-07, -0.0141372)

Estimated landmark positions:
682: [0.89060737 0.26843213]
683: [ 0.83203881 -0.26782961]
Odometry measurement
[0.5229686380420424, 0.4627920303891603, 0.06579891280018613]
Covariance:
[[ 0.03945042 -0.02110203 -0.09930767]
 [-0.02110203  0.03062289  0.05840264]
 [-0.09930767  0.05840264  0.91028167]]
Estimated pose: 
(0.502734, 0.478177, 0.104355)

Current pose: (0.5027336042573967, 0.47817702601182416, 0.10435471609213616)
Goal pose: (0.5, 0.5, 0)
Dist: -0.0219935169066854
Pose theta diff -0.10435471609213653
Rotating to goal pose only, theta_diff: -0.10435471609213653
dt=0.10346746444702148
raw_control = -0.07304830126449557 + -0.32263256580889826 + 0.0136633936249514 = -0.38201747344844245
Velocities: 0 -0.38201747344844245
Rel pose: (-0.000341153, 2.42639e-06, -0.0249582)

Estimated landmark positions:
682: [0.89060737 0.26843213]
683: [ 0.83203881 -0.26782961]
Odometry measurement
[0.5226280633456375, 0.46277202020066127, 0.04084070449666723]
Covariance:
[[ 0.0405966  -0.02082082 -0.10072868]
 [-0.02082082  0.02963746  0.05559566]
 [-0.10072868  0.05559566  0.91991996]]
Estimated pose: 
(0.502394, 0.478144, 0.0793965)

Current pose: (0.5023940539880273, 0.47814390281666125, 0.07939650778861726)
Goal pose: (0.5, 0.5, 0)
Dist: -0.021986825113807073
Pose theta diff -0.0793965077886174
Velocities: 0 0
Rel pose: (-0.000127938, 1.78635e-07, -0.0289725)

Estimated landmark positions:
682: [0.89060737 0.26843213]
683: [ 0.83203881 -0.26782961]
Odometry measurement
[0.5225002249766291, 0.4627669750707458, 0.01186823891356148]
Covariance:
[[ 0.04189246 -0.02045527 -0.10229368]
 [-0.02045527  0.02852741  0.05253673]
 [-0.10229368  0.05253673  0.92955824]]
Estimated pose: 
(0.502267, 0.478134, 0.050424)

Goal reached
Velocities: 0 0
True
